20-Oct-2024 10:37:19.215 INFO [main] org.apache.catalina.startup.VersionLoggerListener.log Server version name:   Apache Tomcat/10.1.30
20-Oct-2024 10:37:19.220 INFO [main] org.apache.catalina.startup.VersionLoggerListener.log Server built:          Sep 13 2024 20:26:16 UTC
20-Oct-2024 10:37:19.221 INFO [main] org.apache.catalina.startup.VersionLoggerListener.log Server version number: 10.1.30.0
20-Oct-2024 10:37:19.222 INFO [main] org.apache.catalina.startup.VersionLoggerListener.log OS Name:               Windows 11
20-Oct-2024 10:37:19.222 INFO [main] org.apache.catalina.startup.VersionLoggerListener.log OS Version:            10.0
20-Oct-2024 10:37:19.222 INFO [main] org.apache.catalina.startup.VersionLoggerListener.log Architecture:          amd64
20-Oct-2024 10:37:19.222 INFO [main] org.apache.catalina.startup.VersionLoggerListener.log Java Home:             C:\Program Files\Java\jdk-21
20-Oct-2024 10:37:19.222 INFO [main] org.apache.catalina.startup.VersionLoggerListener.log JVM Version:           21.0.2+13-LTS-58
20-Oct-2024 10:37:19.222 INFO [main] org.apache.catalina.startup.VersionLoggerListener.log JVM Vendor:            Oracle Corporation
20-Oct-2024 10:37:19.222 INFO [main] org.apache.catalina.startup.VersionLoggerListener.log CATALINA_BASE:         D:\FashionWebProject
20-Oct-2024 10:37:19.222 INFO [main] org.apache.catalina.startup.VersionLoggerListener.log CATALINA_HOME:         C:\Users\NGUYEN THI LANG\Downloads\apache-tomcat-10.1.30-windows-x64\apache-tomcat-10.1.30
20-Oct-2024 10:37:19.236 INFO [main] org.apache.catalina.startup.VersionLoggerListener.log Command line argument: --add-opens=java.base/java.lang=ALL-UNNAMED
20-Oct-2024 10:37:19.237 INFO [main] org.apache.catalina.startup.VersionLoggerListener.log Command line argument: --add-opens=java.base/java.io=ALL-UNNAMED
20-Oct-2024 10:37:19.237 INFO [main] org.apache.catalina.startup.VersionLoggerListener.log Command line argument: --add-opens=java.base/java.util=ALL-UNNAMED
20-Oct-2024 10:37:19.237 INFO [main] org.apache.catalina.startup.VersionLoggerListener.log Command line argument: --add-opens=java.base/java.util.concurrent=ALL-UNNAMED
20-Oct-2024 10:37:19.237 INFO [main] org.apache.catalina.startup.VersionLoggerListener.log Command line argument: --add-opens=java.rmi/sun.rmi.transport=ALL-UNNAMED
20-Oct-2024 10:37:19.237 INFO [main] org.apache.catalina.startup.VersionLoggerListener.log Command line argument: -Dcatalina.home=C:\Users\NGUYEN THI LANG\Downloads\apache-tomcat-10.1.30-windows-x64\apache-tomcat-10.1.30
20-Oct-2024 10:37:19.237 INFO [main] org.apache.catalina.startup.VersionLoggerListener.log Command line argument: -Dcatalina.base=D:\FashionWebProject
20-Oct-2024 10:37:19.237 INFO [main] org.apache.catalina.startup.VersionLoggerListener.log Command line argument: -Djava.io.tmpdir=D:\FashionWebProject\temp
20-Oct-2024 10:37:19.238 INFO [main] org.apache.catalina.startup.VersionLoggerListener.log Command line argument: -Djava.util.logging.config.file=D:\FashionWebProject\conf\logging.properties
20-Oct-2024 10:37:19.238 INFO [main] org.apache.catalina.startup.VersionLoggerListener.log Command line argument: -Djava.util.logging.manager=org.apache.juli.ClassLoaderLogManager
20-Oct-2024 10:37:19.238 INFO [main] org.apache.catalina.startup.VersionLoggerListener.log Command line argument: -javaagent:C:\Program Files\JetBrains\IntelliJ IDEA Community Edition 2023.3.3\lib\idea_rt.jar=64281:C:\Program Files\JetBrains\IntelliJ IDEA Community Edition 2023.3.3\bin
20-Oct-2024 10:37:19.238 INFO [main] org.apache.catalina.startup.VersionLoggerListener.log Command line argument: -Dfile.encoding=UTF-8
20-Oct-2024 10:37:19.238 INFO [main] org.apache.catalina.startup.VersionLoggerListener.log Command line argument: -Dsun.stdout.encoding=UTF-8
20-Oct-2024 10:37:19.238 INFO [main] org.apache.catalina.startup.VersionLoggerListener.log Command line argument: -Dsun.stderr.encoding=UTF-8
20-Oct-2024 10:37:19.243 INFO [main] org.apache.catalina.core.AprLifecycleListener.lifecycleEvent Loaded Apache Tomcat Native library [2.0.8] using APR version [1.7.4].
20-Oct-2024 10:37:19.249 INFO [main] org.apache.catalina.core.AprLifecycleListener.initializeSSL OpenSSL successfully initialized [OpenSSL 3.0.14 4 Jun 2024]
20-Oct-2024 10:37:19.751 INFO [main] org.apache.coyote.AbstractProtocol.init Initializing ProtocolHandler ["http-nio-8080"]
20-Oct-2024 10:37:19.781 INFO [main] org.apache.catalina.startup.Catalina.load Server initialization in [789] milliseconds
20-Oct-2024 10:37:19.852 INFO [main] org.apache.catalina.core.StandardService.startInternal Starting service [Catalina]
20-Oct-2024 10:37:19.852 INFO [main] org.apache.catalina.core.StandardEngine.startInternal Starting Servlet engine: [Apache Tomcat/10.1.30]
20-Oct-2024 10:37:19.864 INFO [main] org.apache.catalina.startup.HostConfig.deployDescriptor Deploying deployment descriptor [D:\FashionWebProject\conf\Catalina\localhost\FashionWebProject.xml]
20-Oct-2024 10:37:20.367 INFO [main] org.apache.catalina.startup.HostConfig.deployDescriptor Deployment of deployment descriptor [D:\FashionWebProject\conf\Catalina\localhost\FashionWebProject.xml] has finished in [503] ms
20-Oct-2024 10:37:20.372 INFO [main] org.apache.coyote.AbstractProtocol.start Starting ProtocolHandler ["http-nio-8080"]
20-Oct-2024 10:37:20.401 INFO [main] org.apache.catalina.startup.Catalina.start Server startup in [618] milliseconds
20-Oct-2024 10:38:26.475 INFO [Thread-1] org.apache.coyote.AbstractProtocol.pause Pausing ProtocolHandler ["http-nio-8080"]
20-Oct-2024 10:38:26.481 INFO [Thread-1] org.apache.catalina.core.StandardService.stopInternal Stopping service [Catalina]
20-Oct-2024 10:38:26.509 INFO [Thread-1] org.apache.coyote.AbstractProtocol.stop Stopping ProtocolHandler ["http-nio-8080"]
20-Oct-2024 10:38:26.522 INFO [Thread-1] org.apache.coyote.AbstractProtocol.destroy Destroying ProtocolHandler ["http-nio-8080"]
20-Oct-2024 10:44:15.946 INFO [main] org.apache.catalina.startup.VersionLoggerListener.log Server version name:   Apache Tomcat/10.1.30
20-Oct-2024 10:44:15.953 INFO [main] org.apache.catalina.startup.VersionLoggerListener.log Server built:          Sep 13 2024 20:26:16 UTC
20-Oct-2024 10:44:15.954 INFO [main] org.apache.catalina.startup.VersionLoggerListener.log Server version number: 10.1.30.0
20-Oct-2024 10:44:15.954 INFO [main] org.apache.catalina.startup.VersionLoggerListener.log OS Name:               Windows 11
20-Oct-2024 10:44:15.954 INFO [main] org.apache.catalina.startup.VersionLoggerListener.log OS Version:            10.0
20-Oct-2024 10:44:15.954 INFO [main] org.apache.catalina.startup.VersionLoggerListener.log Architecture:          amd64
20-Oct-2024 10:44:15.954 INFO [main] org.apache.catalina.startup.VersionLoggerListener.log Java Home:             C:\Program Files\Java\jdk-21
20-Oct-2024 10:44:15.954 INFO [main] org.apache.catalina.startup.VersionLoggerListener.log JVM Version:           21.0.2+13-LTS-58
20-Oct-2024 10:44:15.954 INFO [main] org.apache.catalina.startup.VersionLoggerListener.log JVM Vendor:            Oracle Corporation
20-Oct-2024 10:44:15.955 INFO [main] org.apache.catalina.startup.VersionLoggerListener.log CATALINA_BASE:         D:\FashionWebProject
20-Oct-2024 10:44:15.955 INFO [main] org.apache.catalina.startup.VersionLoggerListener.log CATALINA_HOME:         C:\Users\NGUYEN THI LANG\Downloads\apache-tomcat-10.1.30-windows-x64\apache-tomcat-10.1.30
20-Oct-2024 10:44:15.969 INFO [main] org.apache.catalina.startup.VersionLoggerListener.log Command line argument: --add-opens=java.base/java.lang=ALL-UNNAMED
20-Oct-2024 10:44:15.969 INFO [main] org.apache.catalina.startup.VersionLoggerListener.log Command line argument: --add-opens=java.base/java.io=ALL-UNNAMED
20-Oct-2024 10:44:15.969 INFO [main] org.apache.catalina.startup.VersionLoggerListener.log Command line argument: --add-opens=java.base/java.util=ALL-UNNAMED
20-Oct-2024 10:44:15.969 INFO [main] org.apache.catalina.startup.VersionLoggerListener.log Command line argument: --add-opens=java.base/java.util.concurrent=ALL-UNNAMED
20-Oct-2024 10:44:15.969 INFO [main] org.apache.catalina.startup.VersionLoggerListener.log Command line argument: --add-opens=java.rmi/sun.rmi.transport=ALL-UNNAMED
20-Oct-2024 10:44:15.971 INFO [main] org.apache.catalina.startup.VersionLoggerListener.log Command line argument: -Dcatalina.home=C:\Users\NGUYEN THI LANG\Downloads\apache-tomcat-10.1.30-windows-x64\apache-tomcat-10.1.30
20-Oct-2024 10:44:15.971 INFO [main] org.apache.catalina.startup.VersionLoggerListener.log Command line argument: -Dcatalina.base=D:\FashionWebProject
20-Oct-2024 10:44:15.971 INFO [main] org.apache.catalina.startup.VersionLoggerListener.log Command line argument: -Djava.io.tmpdir=D:\FashionWebProject\temp
20-Oct-2024 10:44:15.971 INFO [main] org.apache.catalina.startup.VersionLoggerListener.log Command line argument: -Djava.util.logging.config.file=D:\FashionWebProject\conf\logging.properties
20-Oct-2024 10:44:15.971 INFO [main] org.apache.catalina.startup.VersionLoggerListener.log Command line argument: -Djava.util.logging.manager=org.apache.juli.ClassLoaderLogManager
20-Oct-2024 10:44:15.971 INFO [main] org.apache.catalina.startup.VersionLoggerListener.log Command line argument: -javaagent:C:\Program Files\JetBrains\IntelliJ IDEA Community Edition 2023.3.3\lib\idea_rt.jar=64440:C:\Program Files\JetBrains\IntelliJ IDEA Community Edition 2023.3.3\bin
20-Oct-2024 10:44:15.971 INFO [main] org.apache.catalina.startup.VersionLoggerListener.log Command line argument: -Dfile.encoding=UTF-8
20-Oct-2024 10:44:15.971 INFO [main] org.apache.catalina.startup.VersionLoggerListener.log Command line argument: -Dsun.stdout.encoding=UTF-8
20-Oct-2024 10:44:15.971 INFO [main] org.apache.catalina.startup.VersionLoggerListener.log Command line argument: -Dsun.stderr.encoding=UTF-8
20-Oct-2024 10:44:15.979 INFO [main] org.apache.catalina.core.AprLifecycleListener.lifecycleEvent Loaded Apache Tomcat Native library [2.0.8] using APR version [1.7.4].
20-Oct-2024 10:44:16.007 INFO [main] org.apache.catalina.core.AprLifecycleListener.initializeSSL OpenSSL successfully initialized [OpenSSL 3.0.14 4 Jun 2024]
20-Oct-2024 10:44:17.050 INFO [main] org.apache.coyote.AbstractProtocol.init Initializing ProtocolHandler ["http-nio-8080"]
20-Oct-2024 10:44:17.093 INFO [main] org.apache.catalina.startup.Catalina.load Server initialization in [1541] milliseconds
20-Oct-2024 10:44:17.177 INFO [main] org.apache.catalina.core.StandardService.startInternal Starting service [Catalina]
20-Oct-2024 10:44:17.177 INFO [main] org.apache.catalina.core.StandardEngine.startInternal Starting Servlet engine: [Apache Tomcat/10.1.30]
20-Oct-2024 10:44:17.191 INFO [main] org.apache.catalina.startup.HostConfig.deployDescriptor Deploying deployment descriptor [D:\FashionWebProject\conf\Catalina\localhost\FashionWebProject.xml]
20-Oct-2024 10:44:17.772 INFO [main] org.apache.catalina.startup.HostConfig.deployDescriptor Deployment of deployment descriptor [D:\FashionWebProject\conf\Catalina\localhost\FashionWebProject.xml] has finished in [581] ms
20-Oct-2024 10:44:17.778 INFO [main] org.apache.coyote.AbstractProtocol.start Starting ProtocolHandler ["http-nio-8080"]
20-Oct-2024 10:44:17.816 INFO [main] org.apache.catalina.startup.Catalina.start Server startup in [719] milliseconds
20-Oct-2024 10:46:16.307 INFO [Thread-1] org.apache.coyote.AbstractProtocol.pause Pausing ProtocolHandler ["http-nio-8080"]
20-Oct-2024 10:46:16.322 INFO [Thread-1] org.apache.catalina.core.StandardService.stopInternal Stopping service [Catalina]
20-Oct-2024 10:46:16.405 INFO [Thread-1] org.apache.coyote.AbstractProtocol.stop Stopping ProtocolHandler ["http-nio-8080"]
20-Oct-2024 10:46:16.426 INFO [Thread-1] org.apache.coyote.AbstractProtocol.destroy Destroying ProtocolHandler ["http-nio-8080"]
20-Oct-2024 10:46:22.036 INFO [main] org.apache.catalina.startup.VersionLoggerListener.log Server version name:   Apache Tomcat/10.1.30
20-Oct-2024 10:46:22.041 INFO [main] org.apache.catalina.startup.VersionLoggerListener.log Server built:          Sep 13 2024 20:26:16 UTC
20-Oct-2024 10:46:22.041 INFO [main] org.apache.catalina.startup.VersionLoggerListener.log Server version number: 10.1.30.0
20-Oct-2024 10:46:22.041 INFO [main] org.apache.catalina.startup.VersionLoggerListener.log OS Name:               Windows 11
20-Oct-2024 10:46:22.041 INFO [main] org.apache.catalina.startup.VersionLoggerListener.log OS Version:            10.0
20-Oct-2024 10:46:22.041 INFO [main] org.apache.catalina.startup.VersionLoggerListener.log Architecture:          amd64
20-Oct-2024 10:46:22.041 INFO [main] org.apache.catalina.startup.VersionLoggerListener.log Java Home:             C:\Program Files\Java\jdk-21
20-Oct-2024 10:46:22.041 INFO [main] org.apache.catalina.startup.VersionLoggerListener.log JVM Version:           21.0.2+13-LTS-58
20-Oct-2024 10:46:22.041 INFO [main] org.apache.catalina.startup.VersionLoggerListener.log JVM Vendor:            Oracle Corporation
20-Oct-2024 10:46:22.041 INFO [main] org.apache.catalina.startup.VersionLoggerListener.log CATALINA_BASE:         D:\FashionWebProject
20-Oct-2024 10:46:22.041 INFO [main] org.apache.catalina.startup.VersionLoggerListener.log CATALINA_HOME:         C:\Users\NGUYEN THI LANG\Downloads\apache-tomcat-10.1.30-windows-x64\apache-tomcat-10.1.30
20-Oct-2024 10:46:22.055 INFO [main] org.apache.catalina.startup.VersionLoggerListener.log Command line argument: --add-opens=java.base/java.lang=ALL-UNNAMED
20-Oct-2024 10:46:22.056 INFO [main] org.apache.catalina.startup.VersionLoggerListener.log Command line argument: --add-opens=java.base/java.io=ALL-UNNAMED
20-Oct-2024 10:46:22.057 INFO [main] org.apache.catalina.startup.VersionLoggerListener.log Command line argument: --add-opens=java.base/java.util=ALL-UNNAMED
20-Oct-2024 10:46:22.057 INFO [main] org.apache.catalina.startup.VersionLoggerListener.log Command line argument: --add-opens=java.base/java.util.concurrent=ALL-UNNAMED
20-Oct-2024 10:46:22.057 INFO [main] org.apache.catalina.startup.VersionLoggerListener.log Command line argument: --add-opens=java.rmi/sun.rmi.transport=ALL-UNNAMED
20-Oct-2024 10:46:22.057 INFO [main] org.apache.catalina.startup.VersionLoggerListener.log Command line argument: -Dcatalina.home=C:\Users\NGUYEN THI LANG\Downloads\apache-tomcat-10.1.30-windows-x64\apache-tomcat-10.1.30
20-Oct-2024 10:46:22.057 INFO [main] org.apache.catalina.startup.VersionLoggerListener.log Command line argument: -Dcatalina.base=D:\FashionWebProject
20-Oct-2024 10:46:22.057 INFO [main] org.apache.catalina.startup.VersionLoggerListener.log Command line argument: -Djava.io.tmpdir=D:\FashionWebProject\temp
20-Oct-2024 10:46:22.057 INFO [main] org.apache.catalina.startup.VersionLoggerListener.log Command line argument: -Djava.util.logging.config.file=D:\FashionWebProject\conf\logging.properties
20-Oct-2024 10:46:22.057 INFO [main] org.apache.catalina.startup.VersionLoggerListener.log Command line argument: -Djava.util.logging.manager=org.apache.juli.ClassLoaderLogManager
20-Oct-2024 10:46:22.057 INFO [main] org.apache.catalina.startup.VersionLoggerListener.log Command line argument: -javaagent:C:\Program Files\JetBrains\IntelliJ IDEA Community Edition 2023.3.3\lib\idea_rt.jar=64463:C:\Program Files\JetBrains\IntelliJ IDEA Community Edition 2023.3.3\bin
20-Oct-2024 10:46:22.057 INFO [main] org.apache.catalina.startup.VersionLoggerListener.log Command line argument: -Dfile.encoding=UTF-8
20-Oct-2024 10:46:22.057 INFO [main] org.apache.catalina.startup.VersionLoggerListener.log Command line argument: -Dsun.stdout.encoding=UTF-8
20-Oct-2024 10:46:22.057 INFO [main] org.apache.catalina.startup.VersionLoggerListener.log Command line argument: -Dsun.stderr.encoding=UTF-8
20-Oct-2024 10:46:22.063 INFO [main] org.apache.catalina.core.AprLifecycleListener.lifecycleEvent Loaded Apache Tomcat Native library [2.0.8] using APR version [1.7.4].
20-Oct-2024 10:46:22.079 INFO [main] org.apache.catalina.core.AprLifecycleListener.initializeSSL OpenSSL successfully initialized [OpenSSL 3.0.14 4 Jun 2024]
20-Oct-2024 10:46:22.768 INFO [main] org.apache.coyote.AbstractProtocol.init Initializing ProtocolHandler ["http-nio-8080"]
20-Oct-2024 10:46:22.800 INFO [main] org.apache.catalina.startup.Catalina.load Server initialization in [1037] milliseconds
20-Oct-2024 10:46:22.873 INFO [main] org.apache.catalina.core.StandardService.startInternal Starting service [Catalina]
20-Oct-2024 10:46:22.874 INFO [main] org.apache.catalina.core.StandardEngine.startInternal Starting Servlet engine: [Apache Tomcat/10.1.30]
20-Oct-2024 10:46:22.887 INFO [main] org.apache.catalina.startup.HostConfig.deployDescriptor Deploying deployment descriptor [D:\FashionWebProject\conf\Catalina\localhost\FashionWebProject.xml]
20-Oct-2024 10:46:23.366 INFO [main] org.apache.catalina.startup.HostConfig.deployDescriptor Deployment of deployment descriptor [D:\FashionWebProject\conf\Catalina\localhost\FashionWebProject.xml] has finished in [478] ms
20-Oct-2024 10:46:23.372 INFO [main] org.apache.coyote.AbstractProtocol.start Starting ProtocolHandler ["http-nio-8080"]
20-Oct-2024 10:46:23.429 INFO [main] org.apache.catalina.startup.Catalina.start Server startup in [627] milliseconds
20-Oct-2024 10:46:53.829 INFO [Catalina-utility-2] org.apache.catalina.startup.HostConfig.reload Reloading context [/FashionWebProject]
20-Oct-2024 10:46:53.831 INFO [Catalina-utility-2] org.apache.catalina.core.StandardContext.reload Reloading Context with name [/FashionWebProject] has started
20-Oct-2024 10:46:53.972 INFO [Catalina-utility-2] org.apache.catalina.core.StandardContext.reload Reloading Context with name [/FashionWebProject] is completed
20-Oct-2024 10:46:58.915 INFO [Thread-1] org.apache.coyote.AbstractProtocol.pause Pausing ProtocolHandler ["http-nio-8080"]
20-Oct-2024 10:46:58.920 INFO [Thread-1] org.apache.catalina.core.StandardService.stopInternal Stopping service [Catalina]
20-Oct-2024 10:46:58.925 INFO [Thread-1] org.apache.coyote.AbstractProtocol.stop Stopping ProtocolHandler ["http-nio-8080"]
20-Oct-2024 10:46:58.931 INFO [Thread-1] org.apache.coyote.AbstractProtocol.destroy Destroying ProtocolHandler ["http-nio-8080"]
20-Oct-2024 10:47:04.342 INFO [main] org.apache.catalina.startup.VersionLoggerListener.log Server version name:   Apache Tomcat/10.1.30
20-Oct-2024 10:47:04.347 INFO [main] org.apache.catalina.startup.VersionLoggerListener.log Server built:          Sep 13 2024 20:26:16 UTC
20-Oct-2024 10:47:04.347 INFO [main] org.apache.catalina.startup.VersionLoggerListener.log Server version number: 10.1.30.0
20-Oct-2024 10:47:04.347 INFO [main] org.apache.catalina.startup.VersionLoggerListener.log OS Name:               Windows 11
20-Oct-2024 10:47:04.347 INFO [main] org.apache.catalina.startup.VersionLoggerListener.log OS Version:            10.0
20-Oct-2024 10:47:04.347 INFO [main] org.apache.catalina.startup.VersionLoggerListener.log Architecture:          amd64
20-Oct-2024 10:47:04.348 INFO [main] org.apache.catalina.startup.VersionLoggerListener.log Java Home:             C:\Program Files\Java\jdk-21
20-Oct-2024 10:47:04.348 INFO [main] org.apache.catalina.startup.VersionLoggerListener.log JVM Version:           21.0.2+13-LTS-58
20-Oct-2024 10:47:04.348 INFO [main] org.apache.catalina.startup.VersionLoggerListener.log JVM Vendor:            Oracle Corporation
20-Oct-2024 10:47:04.348 INFO [main] org.apache.catalina.startup.VersionLoggerListener.log CATALINA_BASE:         D:\FashionWebProject
20-Oct-2024 10:47:04.348 INFO [main] org.apache.catalina.startup.VersionLoggerListener.log CATALINA_HOME:         C:\Users\NGUYEN THI LANG\Downloads\apache-tomcat-10.1.30-windows-x64\apache-tomcat-10.1.30
20-Oct-2024 10:47:04.359 INFO [main] org.apache.catalina.startup.VersionLoggerListener.log Command line argument: --add-opens=java.base/java.lang=ALL-UNNAMED
20-Oct-2024 10:47:04.359 INFO [main] org.apache.catalina.startup.VersionLoggerListener.log Command line argument: --add-opens=java.base/java.io=ALL-UNNAMED
20-Oct-2024 10:47:04.359 INFO [main] org.apache.catalina.startup.VersionLoggerListener.log Command line argument: --add-opens=java.base/java.util=ALL-UNNAMED
20-Oct-2024 10:47:04.359 INFO [main] org.apache.catalina.startup.VersionLoggerListener.log Command line argument: --add-opens=java.base/java.util.concurrent=ALL-UNNAMED
20-Oct-2024 10:47:04.360 INFO [main] org.apache.catalina.startup.VersionLoggerListener.log Command line argument: --add-opens=java.rmi/sun.rmi.transport=ALL-UNNAMED
20-Oct-2024 10:47:04.360 INFO [main] org.apache.catalina.startup.VersionLoggerListener.log Command line argument: -Dcatalina.home=C:\Users\NGUYEN THI LANG\Downloads\apache-tomcat-10.1.30-windows-x64\apache-tomcat-10.1.30
20-Oct-2024 10:47:04.360 INFO [main] org.apache.catalina.startup.VersionLoggerListener.log Command line argument: -Dcatalina.base=D:\FashionWebProject
20-Oct-2024 10:47:04.360 INFO [main] org.apache.catalina.startup.VersionLoggerListener.log Command line argument: -Djava.io.tmpdir=D:\FashionWebProject\temp
20-Oct-2024 10:47:04.360 INFO [main] org.apache.catalina.startup.VersionLoggerListener.log Command line argument: -Djava.util.logging.config.file=D:\FashionWebProject\conf\logging.properties
20-Oct-2024 10:47:04.360 INFO [main] org.apache.catalina.startup.VersionLoggerListener.log Command line argument: -Djava.util.logging.manager=org.apache.juli.ClassLoaderLogManager
20-Oct-2024 10:47:04.360 INFO [main] org.apache.catalina.startup.VersionLoggerListener.log Command line argument: -javaagent:C:\Program Files\JetBrains\IntelliJ IDEA Community Edition 2023.3.3\lib\idea_rt.jar=64473:C:\Program Files\JetBrains\IntelliJ IDEA Community Edition 2023.3.3\bin
20-Oct-2024 10:47:04.360 INFO [main] org.apache.catalina.startup.VersionLoggerListener.log Command line argument: -Dfile.encoding=UTF-8
20-Oct-2024 10:47:04.360 INFO [main] org.apache.catalina.startup.VersionLoggerListener.log Command line argument: -Dsun.stdout.encoding=UTF-8
20-Oct-2024 10:47:04.360 INFO [main] org.apache.catalina.startup.VersionLoggerListener.log Command line argument: -Dsun.stderr.encoding=UTF-8
20-Oct-2024 10:47:04.364 INFO [main] org.apache.catalina.core.AprLifecycleListener.lifecycleEvent Loaded Apache Tomcat Native library [2.0.8] using APR version [1.7.4].
20-Oct-2024 10:47:04.385 INFO [main] org.apache.catalina.core.AprLifecycleListener.initializeSSL OpenSSL successfully initialized [OpenSSL 3.0.14 4 Jun 2024]
20-Oct-2024 10:47:04.962 INFO [main] org.apache.coyote.AbstractProtocol.init Initializing ProtocolHandler ["http-nio-8080"]
20-Oct-2024 10:47:05.015 INFO [main] org.apache.catalina.startup.Catalina.load Server initialization in [947] milliseconds
20-Oct-2024 10:47:05.095 INFO [main] org.apache.catalina.core.StandardService.startInternal Starting service [Catalina]
20-Oct-2024 10:47:05.096 INFO [main] org.apache.catalina.core.StandardEngine.startInternal Starting Servlet engine: [Apache Tomcat/10.1.30]
20-Oct-2024 10:47:05.109 INFO [main] org.apache.catalina.startup.HostConfig.deployDescriptor Deploying deployment descriptor [D:\FashionWebProject\conf\Catalina\localhost\FashionWebProject.xml]
20-Oct-2024 10:47:05.681 INFO [main] org.apache.catalina.startup.HostConfig.deployDescriptor Deployment of deployment descriptor [D:\FashionWebProject\conf\Catalina\localhost\FashionWebProject.xml] has finished in [572] ms
20-Oct-2024 10:47:05.687 INFO [main] org.apache.coyote.AbstractProtocol.start Starting ProtocolHandler ["http-nio-8080"]
20-Oct-2024 10:47:05.714 INFO [main] org.apache.catalina.startup.Catalina.start Server startup in [696] milliseconds
20-Oct-2024 10:47:38.176 INFO [Thread-1] org.apache.coyote.AbstractProtocol.pause Pausing ProtocolHandler ["http-nio-8080"]
20-Oct-2024 10:47:38.188 INFO [Thread-1] org.apache.catalina.core.StandardService.stopInternal Stopping service [Catalina]
20-Oct-2024 10:47:38.215 INFO [Thread-1] org.apache.coyote.AbstractProtocol.stop Stopping ProtocolHandler ["http-nio-8080"]
20-Oct-2024 10:47:38.231 INFO [Thread-1] org.apache.coyote.AbstractProtocol.destroy Destroying ProtocolHandler ["http-nio-8080"]
20-Oct-2024 10:47:44.897 INFO [main] org.apache.catalina.startup.VersionLoggerListener.log Server version name:   Apache Tomcat/10.1.30
20-Oct-2024 10:47:44.902 INFO [main] org.apache.catalina.startup.VersionLoggerListener.log Server built:          Sep 13 2024 20:26:16 UTC
20-Oct-2024 10:47:44.902 INFO [main] org.apache.catalina.startup.VersionLoggerListener.log Server version number: 10.1.30.0
20-Oct-2024 10:47:44.903 INFO [main] org.apache.catalina.startup.VersionLoggerListener.log OS Name:               Windows 11
20-Oct-2024 10:47:44.903 INFO [main] org.apache.catalina.startup.VersionLoggerListener.log OS Version:            10.0
20-Oct-2024 10:47:44.903 INFO [main] org.apache.catalina.startup.VersionLoggerListener.log Architecture:          amd64
20-Oct-2024 10:47:44.903 INFO [main] org.apache.catalina.startup.VersionLoggerListener.log Java Home:             C:\Program Files\Java\jdk-21
20-Oct-2024 10:47:44.903 INFO [main] org.apache.catalina.startup.VersionLoggerListener.log JVM Version:           21.0.2+13-LTS-58
20-Oct-2024 10:47:44.904 INFO [main] org.apache.catalina.startup.VersionLoggerListener.log JVM Vendor:            Oracle Corporation
20-Oct-2024 10:47:44.904 INFO [main] org.apache.catalina.startup.VersionLoggerListener.log CATALINA_BASE:         D:\FashionWebProject
20-Oct-2024 10:47:44.904 INFO [main] org.apache.catalina.startup.VersionLoggerListener.log CATALINA_HOME:         C:\Users\NGUYEN THI LANG\Downloads\apache-tomcat-10.1.30-windows-x64\apache-tomcat-10.1.30
20-Oct-2024 10:47:44.920 INFO [main] org.apache.catalina.startup.VersionLoggerListener.log Command line argument: --add-opens=java.base/java.lang=ALL-UNNAMED
20-Oct-2024 10:47:44.921 INFO [main] org.apache.catalina.startup.VersionLoggerListener.log Command line argument: --add-opens=java.base/java.io=ALL-UNNAMED
20-Oct-2024 10:47:44.921 INFO [main] org.apache.catalina.startup.VersionLoggerListener.log Command line argument: --add-opens=java.base/java.util=ALL-UNNAMED
20-Oct-2024 10:47:44.921 INFO [main] org.apache.catalina.startup.VersionLoggerListener.log Command line argument: --add-opens=java.base/java.util.concurrent=ALL-UNNAMED
20-Oct-2024 10:47:44.921 INFO [main] org.apache.catalina.startup.VersionLoggerListener.log Command line argument: --add-opens=java.rmi/sun.rmi.transport=ALL-UNNAMED
20-Oct-2024 10:47:44.921 INFO [main] org.apache.catalina.startup.VersionLoggerListener.log Command line argument: -Dcatalina.home=C:\Users\NGUYEN THI LANG\Downloads\apache-tomcat-10.1.30-windows-x64\apache-tomcat-10.1.30
20-Oct-2024 10:47:44.921 INFO [main] org.apache.catalina.startup.VersionLoggerListener.log Command line argument: -Dcatalina.base=D:\FashionWebProject
20-Oct-2024 10:47:44.921 INFO [main] org.apache.catalina.startup.VersionLoggerListener.log Command line argument: -Djava.io.tmpdir=D:\FashionWebProject\temp
20-Oct-2024 10:47:44.921 INFO [main] org.apache.catalina.startup.VersionLoggerListener.log Command line argument: -Djava.util.logging.config.file=D:\FashionWebProject\conf\logging.properties
20-Oct-2024 10:47:44.921 INFO [main] org.apache.catalina.startup.VersionLoggerListener.log Command line argument: -Djava.util.logging.manager=org.apache.juli.ClassLoaderLogManager
20-Oct-2024 10:47:44.923 INFO [main] org.apache.catalina.startup.VersionLoggerListener.log Command line argument: -javaagent:C:\Program Files\JetBrains\IntelliJ IDEA Community Edition 2023.3.3\lib\idea_rt.jar=64486:C:\Program Files\JetBrains\IntelliJ IDEA Community Edition 2023.3.3\bin
20-Oct-2024 10:47:44.923 INFO [main] org.apache.catalina.startup.VersionLoggerListener.log Command line argument: -Dfile.encoding=UTF-8
20-Oct-2024 10:47:44.923 INFO [main] org.apache.catalina.startup.VersionLoggerListener.log Command line argument: -Dsun.stdout.encoding=UTF-8
20-Oct-2024 10:47:44.923 INFO [main] org.apache.catalina.startup.VersionLoggerListener.log Command line argument: -Dsun.stderr.encoding=UTF-8
20-Oct-2024 10:47:44.927 INFO [main] org.apache.catalina.core.AprLifecycleListener.lifecycleEvent Loaded Apache Tomcat Native library [2.0.8] using APR version [1.7.4].
20-Oct-2024 10:47:44.933 INFO [main] org.apache.catalina.core.AprLifecycleListener.initializeSSL OpenSSL successfully initialized [OpenSSL 3.0.14 4 Jun 2024]
20-Oct-2024 10:47:45.451 INFO [main] org.apache.coyote.AbstractProtocol.init Initializing ProtocolHandler ["http-nio-8080"]
20-Oct-2024 10:47:45.531 INFO [main] org.apache.catalina.startup.Catalina.load Server initialization in [973] milliseconds
20-Oct-2024 10:47:45.589 INFO [main] org.apache.catalina.core.StandardService.startInternal Starting service [Catalina]
20-Oct-2024 10:47:45.590 INFO [main] org.apache.catalina.core.StandardEngine.startInternal Starting Servlet engine: [Apache Tomcat/10.1.30]
20-Oct-2024 10:47:45.600 INFO [main] org.apache.catalina.startup.HostConfig.deployDescriptor Deploying deployment descriptor [D:\FashionWebProject\conf\Catalina\localhost\FashionWebProject.xml]
20-Oct-2024 10:47:46.082 INFO [main] org.apache.catalina.startup.HostConfig.deployDescriptor Deployment of deployment descriptor [D:\FashionWebProject\conf\Catalina\localhost\FashionWebProject.xml] has finished in [481] ms
20-Oct-2024 10:47:46.089 INFO [main] org.apache.coyote.AbstractProtocol.start Starting ProtocolHandler ["http-nio-8080"]
20-Oct-2024 10:47:46.118 INFO [main] org.apache.catalina.startup.Catalina.start Server startup in [585] milliseconds
20-Oct-2024 10:48:19.024 INFO [Thread-1] org.apache.coyote.AbstractProtocol.pause Pausing ProtocolHandler ["http-nio-8080"]
20-Oct-2024 10:48:19.031 INFO [Thread-1] org.apache.catalina.core.StandardService.stopInternal Stopping service [Catalina]
20-Oct-2024 10:48:19.410 INFO [Thread-1] org.apache.coyote.AbstractProtocol.stop Stopping ProtocolHandler ["http-nio-8080"]
20-Oct-2024 10:48:19.416 INFO [Thread-1] org.apache.coyote.AbstractProtocol.destroy Destroying ProtocolHandler ["http-nio-8080"]
