08-Nov-2024 15:48:51.574 INFO [main] org.apache.catalina.startup.VersionLoggerListener.log Server version name:   Apache Tomcat/10.1.30
08-Nov-2024 15:48:51.581 INFO [main] org.apache.catalina.startup.VersionLoggerListener.log Server built:          Sep 13 2024 20:26:16 UTC
08-Nov-2024 15:48:51.581 INFO [main] org.apache.catalina.startup.VersionLoggerListener.log Server version number: 10.1.30.0
08-Nov-2024 15:48:51.581 INFO [main] org.apache.catalina.startup.VersionLoggerListener.log OS Name:               Windows 11
08-Nov-2024 15:48:51.582 INFO [main] org.apache.catalina.startup.VersionLoggerListener.log OS Version:            10.0
08-Nov-2024 15:48:51.582 INFO [main] org.apache.catalina.startup.VersionLoggerListener.log Architecture:          amd64
08-Nov-2024 15:48:51.582 INFO [main] org.apache.catalina.startup.VersionLoggerListener.log Java Home:             C:\Program Files\Java\jdk-21
08-Nov-2024 15:48:51.582 INFO [main] org.apache.catalina.startup.VersionLoggerListener.log JVM Version:           21.0.2+13-LTS-58
08-Nov-2024 15:48:51.582 INFO [main] org.apache.catalina.startup.VersionLoggerListener.log JVM Vendor:            Oracle Corporation
08-Nov-2024 15:48:51.582 INFO [main] org.apache.catalina.startup.VersionLoggerListener.log CATALINA_BASE:         D:\FashionWebProject
08-Nov-2024 15:48:51.582 INFO [main] org.apache.catalina.startup.VersionLoggerListener.log CATALINA_HOME:         C:\Users\NGUYEN THI LANG\Downloads\apache-tomcat-10.1.30-windows-x64\apache-tomcat-10.1.30
08-Nov-2024 15:48:51.594 INFO [main] org.apache.catalina.startup.VersionLoggerListener.log Command line argument: --add-opens=java.base/java.lang=ALL-UNNAMED
08-Nov-2024 15:48:51.595 INFO [main] org.apache.catalina.startup.VersionLoggerListener.log Command line argument: --add-opens=java.base/java.io=ALL-UNNAMED
08-Nov-2024 15:48:51.595 INFO [main] org.apache.catalina.startup.VersionLoggerListener.log Command line argument: --add-opens=java.base/java.util=ALL-UNNAMED
08-Nov-2024 15:48:51.595 INFO [main] org.apache.catalina.startup.VersionLoggerListener.log Command line argument: --add-opens=java.base/java.util.concurrent=ALL-UNNAMED
08-Nov-2024 15:48:51.595 INFO [main] org.apache.catalina.startup.VersionLoggerListener.log Command line argument: --add-opens=java.rmi/sun.rmi.transport=ALL-UNNAMED
08-Nov-2024 15:48:51.595 INFO [main] org.apache.catalina.startup.VersionLoggerListener.log Command line argument: -Dcatalina.home=C:\Users\NGUYEN THI LANG\Downloads\apache-tomcat-10.1.30-windows-x64\apache-tomcat-10.1.30
08-Nov-2024 15:48:51.595 INFO [main] org.apache.catalina.startup.VersionLoggerListener.log Command line argument: -Dcatalina.base=D:\FashionWebProject
08-Nov-2024 15:48:51.595 INFO [main] org.apache.catalina.startup.VersionLoggerListener.log Command line argument: -Djava.io.tmpdir=D:\FashionWebProject\temp
08-Nov-2024 15:48:51.595 INFO [main] org.apache.catalina.startup.VersionLoggerListener.log Command line argument: -Djava.util.logging.config.file=D:\FashionWebProject\conf\logging.properties
08-Nov-2024 15:48:51.595 INFO [main] org.apache.catalina.startup.VersionLoggerListener.log Command line argument: -Djava.util.logging.manager=org.apache.juli.ClassLoaderLogManager
08-Nov-2024 15:48:51.595 INFO [main] org.apache.catalina.startup.VersionLoggerListener.log Command line argument: -javaagent:C:\Program Files\JetBrains\IntelliJ IDEA Community Edition 2023.3.3\lib\idea_rt.jar=57420:C:\Program Files\JetBrains\IntelliJ IDEA Community Edition 2023.3.3\bin
08-Nov-2024 15:48:51.596 INFO [main] org.apache.catalina.startup.VersionLoggerListener.log Command line argument: -Dfile.encoding=UTF-8
08-Nov-2024 15:48:51.596 INFO [main] org.apache.catalina.startup.VersionLoggerListener.log Command line argument: -Dsun.stdout.encoding=UTF-8
08-Nov-2024 15:48:51.596 INFO [main] org.apache.catalina.startup.VersionLoggerListener.log Command line argument: -Dsun.stderr.encoding=UTF-8
08-Nov-2024 15:48:51.602 INFO [main] org.apache.catalina.core.AprLifecycleListener.lifecycleEvent Loaded Apache Tomcat Native library [2.0.8] using APR version [1.7.4].
08-Nov-2024 15:48:51.628 INFO [main] org.apache.catalina.core.AprLifecycleListener.initializeSSL OpenSSL successfully initialized [OpenSSL 3.0.14 4 Jun 2024]
08-Nov-2024 15:48:52.560 INFO [main] org.apache.coyote.AbstractProtocol.init Initializing ProtocolHandler ["http-nio-8080"]
08-Nov-2024 15:48:52.600 INFO [main] org.apache.catalina.startup.Catalina.load Server initialization in [1340] milliseconds
08-Nov-2024 15:48:52.669 INFO [main] org.apache.catalina.core.StandardService.startInternal Starting service [Catalina]
08-Nov-2024 15:48:52.669 INFO [main] org.apache.catalina.core.StandardEngine.startInternal Starting Servlet engine: [Apache Tomcat/10.1.30]
08-Nov-2024 15:48:52.683 INFO [main] org.apache.catalina.startup.HostConfig.deployDescriptor Deploying deployment descriptor [D:\FashionWebProject\conf\Catalina\localhost\FashionWebProject.xml]
08-Nov-2024 15:48:54.793 INFO [main] org.apache.jasper.servlet.TldScanner.scanJars At least one JAR was scanned for TLDs yet contained no TLDs. Enable debug logging for this logger for a complete list of JARs that were scanned but no TLDs were found in them. Skipping unneeded JARs during scanning can improve startup time and JSP compilation time.
08-Nov-2024 15:48:55.411 INFO [main] org.apache.catalina.startup.HostConfig.deployDescriptor Deployment of deployment descriptor [D:\FashionWebProject\conf\Catalina\localhost\FashionWebProject.xml] has finished in [2,726] ms
08-Nov-2024 15:48:55.414 INFO [main] org.apache.coyote.AbstractProtocol.start Starting ProtocolHandler ["http-nio-8080"]
08-Nov-2024 15:48:55.428 INFO [main] org.apache.catalina.startup.Catalina.start Server startup in [2827] milliseconds
08-Nov-2024 15:50:25.949 INFO [Thread-1] org.apache.coyote.AbstractProtocol.pause Pausing ProtocolHandler ["http-nio-8080"]
08-Nov-2024 15:50:25.958 INFO [Thread-1] org.apache.catalina.core.StandardService.stopInternal Stopping service [Catalina]
08-Nov-2024 15:50:25.980 WARNING [Thread-1] org.apache.catalina.loader.WebappClassLoaderBase.clearReferencesJdbc The web application [FashionWebProject] registered the JDBC driver [com.microsoft.sqlserver.jdbc.SQLServerDriver] but failed to unregister it when the web application was stopped. To prevent a memory leak, the JDBC Driver has been forcibly unregistered.
08-Nov-2024 15:50:25.991 INFO [Thread-1] org.apache.coyote.AbstractProtocol.stop Stopping ProtocolHandler ["http-nio-8080"]
08-Nov-2024 15:50:26.004 INFO [Thread-1] org.apache.coyote.AbstractProtocol.destroy Destroying ProtocolHandler ["http-nio-8080"]
08-Nov-2024 16:13:21.940 INFO [main] org.apache.catalina.startup.VersionLoggerListener.log Server version name:   Apache Tomcat/10.1.30
08-Nov-2024 16:13:21.948 INFO [main] org.apache.catalina.startup.VersionLoggerListener.log Server built:          Sep 13 2024 20:26:16 UTC
08-Nov-2024 16:13:21.949 INFO [main] org.apache.catalina.startup.VersionLoggerListener.log Server version number: 10.1.30.0
08-Nov-2024 16:13:21.949 INFO [main] org.apache.catalina.startup.VersionLoggerListener.log OS Name:               Windows 11
08-Nov-2024 16:13:21.949 INFO [main] org.apache.catalina.startup.VersionLoggerListener.log OS Version:            10.0
08-Nov-2024 16:13:21.950 INFO [main] org.apache.catalina.startup.VersionLoggerListener.log Architecture:          amd64
08-Nov-2024 16:13:21.950 INFO [main] org.apache.catalina.startup.VersionLoggerListener.log Java Home:             C:\Program Files\Java\jdk-21
08-Nov-2024 16:13:21.950 INFO [main] org.apache.catalina.startup.VersionLoggerListener.log JVM Version:           21.0.2+13-LTS-58
08-Nov-2024 16:13:21.950 INFO [main] org.apache.catalina.startup.VersionLoggerListener.log JVM Vendor:            Oracle Corporation
08-Nov-2024 16:13:21.951 INFO [main] org.apache.catalina.startup.VersionLoggerListener.log CATALINA_BASE:         D:\FashionWebProject
08-Nov-2024 16:13:21.951 INFO [main] org.apache.catalina.startup.VersionLoggerListener.log CATALINA_HOME:         C:\Users\NGUYEN THI LANG\Downloads\apache-tomcat-10.1.30-windows-x64\apache-tomcat-10.1.30
08-Nov-2024 16:13:21.972 INFO [main] org.apache.catalina.startup.VersionLoggerListener.log Command line argument: --add-opens=java.base/java.lang=ALL-UNNAMED
08-Nov-2024 16:13:21.972 INFO [main] org.apache.catalina.startup.VersionLoggerListener.log Command line argument: --add-opens=java.base/java.io=ALL-UNNAMED
08-Nov-2024 16:13:21.973 INFO [main] org.apache.catalina.startup.VersionLoggerListener.log Command line argument: --add-opens=java.base/java.util=ALL-UNNAMED
08-Nov-2024 16:13:21.973 INFO [main] org.apache.catalina.startup.VersionLoggerListener.log Command line argument: --add-opens=java.base/java.util.concurrent=ALL-UNNAMED
08-Nov-2024 16:13:21.973 INFO [main] org.apache.catalina.startup.VersionLoggerListener.log Command line argument: --add-opens=java.rmi/sun.rmi.transport=ALL-UNNAMED
08-Nov-2024 16:13:21.973 INFO [main] org.apache.catalina.startup.VersionLoggerListener.log Command line argument: -Dcatalina.home=C:\Users\NGUYEN THI LANG\Downloads\apache-tomcat-10.1.30-windows-x64\apache-tomcat-10.1.30
08-Nov-2024 16:13:21.973 INFO [main] org.apache.catalina.startup.VersionLoggerListener.log Command line argument: -Dcatalina.base=D:\FashionWebProject
08-Nov-2024 16:13:21.973 INFO [main] org.apache.catalina.startup.VersionLoggerListener.log Command line argument: -Djava.io.tmpdir=D:\FashionWebProject\temp
08-Nov-2024 16:13:21.973 INFO [main] org.apache.catalina.startup.VersionLoggerListener.log Command line argument: -Djava.util.logging.config.file=D:\FashionWebProject\conf\logging.properties
08-Nov-2024 16:13:21.973 INFO [main] org.apache.catalina.startup.VersionLoggerListener.log Command line argument: -Djava.util.logging.manager=org.apache.juli.ClassLoaderLogManager
08-Nov-2024 16:13:21.973 INFO [main] org.apache.catalina.startup.VersionLoggerListener.log Command line argument: -javaagent:C:\Program Files\JetBrains\IntelliJ IDEA Community Edition 2023.3.3\lib\idea_rt.jar=58222:C:\Program Files\JetBrains\IntelliJ IDEA Community Edition 2023.3.3\bin
08-Nov-2024 16:13:21.974 INFO [main] org.apache.catalina.startup.VersionLoggerListener.log Command line argument: -Dfile.encoding=UTF-8
08-Nov-2024 16:13:21.974 INFO [main] org.apache.catalina.startup.VersionLoggerListener.log Command line argument: -Dsun.stdout.encoding=UTF-8
08-Nov-2024 16:13:21.974 INFO [main] org.apache.catalina.startup.VersionLoggerListener.log Command line argument: -Dsun.stderr.encoding=UTF-8
08-Nov-2024 16:13:21.982 INFO [main] org.apache.catalina.core.AprLifecycleListener.lifecycleEvent Loaded Apache Tomcat Native library [2.0.8] using APR version [1.7.4].
08-Nov-2024 16:13:22.006 INFO [main] org.apache.catalina.core.AprLifecycleListener.initializeSSL OpenSSL successfully initialized [OpenSSL 3.0.14 4 Jun 2024]
08-Nov-2024 16:13:22.761 INFO [main] org.apache.coyote.AbstractProtocol.init Initializing ProtocolHandler ["http-nio-8080"]
08-Nov-2024 16:13:22.814 INFO [main] org.apache.catalina.startup.Catalina.load Server initialization in [1177] milliseconds
08-Nov-2024 16:13:22.865 INFO [main] org.apache.catalina.core.StandardService.startInternal Starting service [Catalina]
08-Nov-2024 16:13:22.865 INFO [main] org.apache.catalina.core.StandardEngine.startInternal Starting Servlet engine: [Apache Tomcat/10.1.30]
08-Nov-2024 16:13:22.880 INFO [main] org.apache.catalina.startup.HostConfig.deployDescriptor Deploying deployment descriptor [D:\FashionWebProject\conf\Catalina\localhost\FashionWebProject.xml]
08-Nov-2024 16:13:24.784 INFO [main] org.apache.jasper.servlet.TldScanner.scanJars At least one JAR was scanned for TLDs yet contained no TLDs. Enable debug logging for this logger for a complete list of JARs that were scanned but no TLDs were found in them. Skipping unneeded JARs during scanning can improve startup time and JSP compilation time.
08-Nov-2024 16:13:25.447 INFO [main] org.apache.catalina.startup.HostConfig.deployDescriptor Deployment of deployment descriptor [D:\FashionWebProject\conf\Catalina\localhost\FashionWebProject.xml] has finished in [2,566] ms
08-Nov-2024 16:13:25.451 INFO [main] org.apache.coyote.AbstractProtocol.start Starting ProtocolHandler ["http-nio-8080"]
08-Nov-2024 16:13:25.471 INFO [main] org.apache.catalina.startup.Catalina.start Server startup in [2656] milliseconds
08-Nov-2024 16:20:13.341 INFO [Thread-1] org.apache.coyote.AbstractProtocol.pause Pausing ProtocolHandler ["http-nio-8080"]
08-Nov-2024 16:20:13.347 INFO [Thread-1] org.apache.catalina.core.StandardService.stopInternal Stopping service [Catalina]
08-Nov-2024 16:20:13.387 WARNING [Thread-1] org.apache.catalina.loader.WebappClassLoaderBase.clearReferencesJdbc The web application [FashionWebProject] registered the JDBC driver [com.microsoft.sqlserver.jdbc.SQLServerDriver] but failed to unregister it when the web application was stopped. To prevent a memory leak, the JDBC Driver has been forcibly unregistered.
08-Nov-2024 16:20:13.408 INFO [Thread-1] org.apache.coyote.AbstractProtocol.stop Stopping ProtocolHandler ["http-nio-8080"]
08-Nov-2024 16:20:13.420 INFO [Thread-1] org.apache.coyote.AbstractProtocol.destroy Destroying ProtocolHandler ["http-nio-8080"]
08-Nov-2024 16:20:19.777 INFO [main] org.apache.catalina.startup.VersionLoggerListener.log Server version name:   Apache Tomcat/10.1.30
08-Nov-2024 16:20:19.780 INFO [main] org.apache.catalina.startup.VersionLoggerListener.log Server built:          Sep 13 2024 20:26:16 UTC
08-Nov-2024 16:20:19.781 INFO [main] org.apache.catalina.startup.VersionLoggerListener.log Server version number: 10.1.30.0
08-Nov-2024 16:20:19.781 INFO [main] org.apache.catalina.startup.VersionLoggerListener.log OS Name:               Windows 11
08-Nov-2024 16:20:19.781 INFO [main] org.apache.catalina.startup.VersionLoggerListener.log OS Version:            10.0
08-Nov-2024 16:20:19.781 INFO [main] org.apache.catalina.startup.VersionLoggerListener.log Architecture:          amd64
08-Nov-2024 16:20:19.781 INFO [main] org.apache.catalina.startup.VersionLoggerListener.log Java Home:             C:\Program Files\Java\jdk-21
08-Nov-2024 16:20:19.781 INFO [main] org.apache.catalina.startup.VersionLoggerListener.log JVM Version:           21.0.2+13-LTS-58
08-Nov-2024 16:20:19.781 INFO [main] org.apache.catalina.startup.VersionLoggerListener.log JVM Vendor:            Oracle Corporation
08-Nov-2024 16:20:19.782 INFO [main] org.apache.catalina.startup.VersionLoggerListener.log CATALINA_BASE:         D:\FashionWebProject
08-Nov-2024 16:20:19.782 INFO [main] org.apache.catalina.startup.VersionLoggerListener.log CATALINA_HOME:         C:\Users\NGUYEN THI LANG\Downloads\apache-tomcat-10.1.30-windows-x64\apache-tomcat-10.1.30
08-Nov-2024 16:20:19.794 INFO [main] org.apache.catalina.startup.VersionLoggerListener.log Command line argument: --add-opens=java.base/java.lang=ALL-UNNAMED
08-Nov-2024 16:20:19.794 INFO [main] org.apache.catalina.startup.VersionLoggerListener.log Command line argument: --add-opens=java.base/java.io=ALL-UNNAMED
08-Nov-2024 16:20:19.794 INFO [main] org.apache.catalina.startup.VersionLoggerListener.log Command line argument: --add-opens=java.base/java.util=ALL-UNNAMED
08-Nov-2024 16:20:19.794 INFO [main] org.apache.catalina.startup.VersionLoggerListener.log Command line argument: --add-opens=java.base/java.util.concurrent=ALL-UNNAMED
08-Nov-2024 16:20:19.794 INFO [main] org.apache.catalina.startup.VersionLoggerListener.log Command line argument: --add-opens=java.rmi/sun.rmi.transport=ALL-UNNAMED
08-Nov-2024 16:20:19.795 INFO [main] org.apache.catalina.startup.VersionLoggerListener.log Command line argument: -Dcatalina.home=C:\Users\NGUYEN THI LANG\Downloads\apache-tomcat-10.1.30-windows-x64\apache-tomcat-10.1.30
08-Nov-2024 16:20:19.795 INFO [main] org.apache.catalina.startup.VersionLoggerListener.log Command line argument: -Dcatalina.base=D:\FashionWebProject
08-Nov-2024 16:20:19.795 INFO [main] org.apache.catalina.startup.VersionLoggerListener.log Command line argument: -Djava.io.tmpdir=D:\FashionWebProject\temp
08-Nov-2024 16:20:19.795 INFO [main] org.apache.catalina.startup.VersionLoggerListener.log Command line argument: -Djava.util.logging.config.file=D:\FashionWebProject\conf\logging.properties
08-Nov-2024 16:20:19.796 INFO [main] org.apache.catalina.startup.VersionLoggerListener.log Command line argument: -Djava.util.logging.manager=org.apache.juli.ClassLoaderLogManager
08-Nov-2024 16:20:19.796 INFO [main] org.apache.catalina.startup.VersionLoggerListener.log Command line argument: -javaagent:C:\Program Files\JetBrains\IntelliJ IDEA Community Edition 2023.3.3\lib\idea_rt.jar=58491:C:\Program Files\JetBrains\IntelliJ IDEA Community Edition 2023.3.3\bin
08-Nov-2024 16:20:19.796 INFO [main] org.apache.catalina.startup.VersionLoggerListener.log Command line argument: -Dfile.encoding=UTF-8
08-Nov-2024 16:20:19.796 INFO [main] org.apache.catalina.startup.VersionLoggerListener.log Command line argument: -Dsun.stdout.encoding=UTF-8
08-Nov-2024 16:20:19.796 INFO [main] org.apache.catalina.startup.VersionLoggerListener.log Command line argument: -Dsun.stderr.encoding=UTF-8
08-Nov-2024 16:20:19.800 INFO [main] org.apache.catalina.core.AprLifecycleListener.lifecycleEvent Loaded Apache Tomcat Native library [2.0.8] using APR version [1.7.4].
08-Nov-2024 16:20:19.808 INFO [main] org.apache.catalina.core.AprLifecycleListener.initializeSSL OpenSSL successfully initialized [OpenSSL 3.0.14 4 Jun 2024]
08-Nov-2024 16:20:20.811 INFO [main] org.apache.coyote.AbstractProtocol.init Initializing ProtocolHandler ["http-nio-8080"]
08-Nov-2024 16:20:20.856 INFO [main] org.apache.catalina.startup.Catalina.load Server initialization in [1485] milliseconds
08-Nov-2024 16:20:20.969 INFO [main] org.apache.catalina.core.StandardService.startInternal Starting service [Catalina]
08-Nov-2024 16:20:20.970 INFO [main] org.apache.catalina.core.StandardEngine.startInternal Starting Servlet engine: [Apache Tomcat/10.1.30]
08-Nov-2024 16:20:21.030 INFO [main] org.apache.catalina.startup.HostConfig.deployDescriptor Deploying deployment descriptor [D:\FashionWebProject\conf\Catalina\localhost\FashionWebProject.xml]
08-Nov-2024 16:20:24.409 INFO [main] org.apache.jasper.servlet.TldScanner.scanJars At least one JAR was scanned for TLDs yet contained no TLDs. Enable debug logging for this logger for a complete list of JARs that were scanned but no TLDs were found in them. Skipping unneeded JARs during scanning can improve startup time and JSP compilation time.
08-Nov-2024 16:20:25.192 INFO [main] org.apache.catalina.startup.HostConfig.deployDescriptor Deployment of deployment descriptor [D:\FashionWebProject\conf\Catalina\localhost\FashionWebProject.xml] has finished in [4,160] ms
08-Nov-2024 16:20:25.196 INFO [main] org.apache.coyote.AbstractProtocol.start Starting ProtocolHandler ["http-nio-8080"]
08-Nov-2024 16:20:25.217 INFO [main] org.apache.catalina.startup.Catalina.start Server startup in [4358] milliseconds
08-Nov-2024 16:22:14.051 INFO [Thread-1] org.apache.coyote.AbstractProtocol.pause Pausing ProtocolHandler ["http-nio-8080"]
08-Nov-2024 16:22:14.056 INFO [Thread-1] org.apache.catalina.core.StandardService.stopInternal Stopping service [Catalina]
08-Nov-2024 16:22:14.082 WARNING [Thread-1] org.apache.catalina.loader.WebappClassLoaderBase.clearReferencesJdbc The web application [FashionWebProject] registered the JDBC driver [com.microsoft.sqlserver.jdbc.SQLServerDriver] but failed to unregister it when the web application was stopped. To prevent a memory leak, the JDBC Driver has been forcibly unregistered.
08-Nov-2024 16:22:14.090 INFO [Thread-1] org.apache.coyote.AbstractProtocol.stop Stopping ProtocolHandler ["http-nio-8080"]
08-Nov-2024 16:22:14.098 INFO [Thread-1] org.apache.coyote.AbstractProtocol.destroy Destroying ProtocolHandler ["http-nio-8080"]
08-Nov-2024 16:22:19.624 INFO [main] org.apache.catalina.startup.VersionLoggerListener.log Server version name:   Apache Tomcat/10.1.30
08-Nov-2024 16:22:19.630 INFO [main] org.apache.catalina.startup.VersionLoggerListener.log Server built:          Sep 13 2024 20:26:16 UTC
08-Nov-2024 16:22:19.630 INFO [main] org.apache.catalina.startup.VersionLoggerListener.log Server version number: 10.1.30.0
08-Nov-2024 16:22:19.630 INFO [main] org.apache.catalina.startup.VersionLoggerListener.log OS Name:               Windows 11
08-Nov-2024 16:22:19.630 INFO [main] org.apache.catalina.startup.VersionLoggerListener.log OS Version:            10.0
08-Nov-2024 16:22:19.630 INFO [main] org.apache.catalina.startup.VersionLoggerListener.log Architecture:          amd64
08-Nov-2024 16:22:19.630 INFO [main] org.apache.catalina.startup.VersionLoggerListener.log Java Home:             C:\Program Files\Java\jdk-21
08-Nov-2024 16:22:19.630 INFO [main] org.apache.catalina.startup.VersionLoggerListener.log JVM Version:           21.0.2+13-LTS-58
08-Nov-2024 16:22:19.630 INFO [main] org.apache.catalina.startup.VersionLoggerListener.log JVM Vendor:            Oracle Corporation
08-Nov-2024 16:22:19.632 INFO [main] org.apache.catalina.startup.VersionLoggerListener.log CATALINA_BASE:         D:\FashionWebProject
08-Nov-2024 16:22:19.632 INFO [main] org.apache.catalina.startup.VersionLoggerListener.log CATALINA_HOME:         C:\Users\NGUYEN THI LANG\Downloads\apache-tomcat-10.1.30-windows-x64\apache-tomcat-10.1.30
08-Nov-2024 16:22:19.642 INFO [main] org.apache.catalina.startup.VersionLoggerListener.log Command line argument: --add-opens=java.base/java.lang=ALL-UNNAMED
08-Nov-2024 16:22:19.643 INFO [main] org.apache.catalina.startup.VersionLoggerListener.log Command line argument: --add-opens=java.base/java.io=ALL-UNNAMED
08-Nov-2024 16:22:19.643 INFO [main] org.apache.catalina.startup.VersionLoggerListener.log Command line argument: --add-opens=java.base/java.util=ALL-UNNAMED
08-Nov-2024 16:22:19.643 INFO [main] org.apache.catalina.startup.VersionLoggerListener.log Command line argument: --add-opens=java.base/java.util.concurrent=ALL-UNNAMED
08-Nov-2024 16:22:19.643 INFO [main] org.apache.catalina.startup.VersionLoggerListener.log Command line argument: --add-opens=java.rmi/sun.rmi.transport=ALL-UNNAMED
08-Nov-2024 16:22:19.643 INFO [main] org.apache.catalina.startup.VersionLoggerListener.log Command line argument: -Dcatalina.home=C:\Users\NGUYEN THI LANG\Downloads\apache-tomcat-10.1.30-windows-x64\apache-tomcat-10.1.30
08-Nov-2024 16:22:19.643 INFO [main] org.apache.catalina.startup.VersionLoggerListener.log Command line argument: -Dcatalina.base=D:\FashionWebProject
08-Nov-2024 16:22:19.643 INFO [main] org.apache.catalina.startup.VersionLoggerListener.log Command line argument: -Djava.io.tmpdir=D:\FashionWebProject\temp
08-Nov-2024 16:22:19.643 INFO [main] org.apache.catalina.startup.VersionLoggerListener.log Command line argument: -Djava.util.logging.config.file=D:\FashionWebProject\conf\logging.properties
08-Nov-2024 16:22:19.643 INFO [main] org.apache.catalina.startup.VersionLoggerListener.log Command line argument: -Djava.util.logging.manager=org.apache.juli.ClassLoaderLogManager
08-Nov-2024 16:22:19.643 INFO [main] org.apache.catalina.startup.VersionLoggerListener.log Command line argument: -javaagent:C:\Program Files\JetBrains\IntelliJ IDEA Community Edition 2023.3.3\lib\idea_rt.jar=58612:C:\Program Files\JetBrains\IntelliJ IDEA Community Edition 2023.3.3\bin
08-Nov-2024 16:22:19.643 INFO [main] org.apache.catalina.startup.VersionLoggerListener.log Command line argument: -Dfile.encoding=UTF-8
08-Nov-2024 16:22:19.643 INFO [main] org.apache.catalina.startup.VersionLoggerListener.log Command line argument: -Dsun.stdout.encoding=UTF-8
08-Nov-2024 16:22:19.643 INFO [main] org.apache.catalina.startup.VersionLoggerListener.log Command line argument: -Dsun.stderr.encoding=UTF-8
08-Nov-2024 16:22:19.647 INFO [main] org.apache.catalina.core.AprLifecycleListener.lifecycleEvent Loaded Apache Tomcat Native library [2.0.8] using APR version [1.7.4].
08-Nov-2024 16:22:19.651 INFO [main] org.apache.catalina.core.AprLifecycleListener.initializeSSL OpenSSL successfully initialized [OpenSSL 3.0.14 4 Jun 2024]
08-Nov-2024 16:22:20.327 INFO [main] org.apache.coyote.AbstractProtocol.init Initializing ProtocolHandler ["http-nio-8080"]
08-Nov-2024 16:22:20.403 INFO [main] org.apache.catalina.startup.Catalina.load Server initialization in [965] milliseconds
08-Nov-2024 16:22:20.494 INFO [main] org.apache.catalina.core.StandardService.startInternal Starting service [Catalina]
08-Nov-2024 16:22:20.495 INFO [main] org.apache.catalina.core.StandardEngine.startInternal Starting Servlet engine: [Apache Tomcat/10.1.30]
08-Nov-2024 16:22:20.510 INFO [main] org.apache.catalina.startup.HostConfig.deployDescriptor Deploying deployment descriptor [D:\FashionWebProject\conf\Catalina\localhost\FashionWebProject.xml]
08-Nov-2024 16:22:22.261 INFO [main] org.apache.jasper.servlet.TldScanner.scanJars At least one JAR was scanned for TLDs yet contained no TLDs. Enable debug logging for this logger for a complete list of JARs that were scanned but no TLDs were found in them. Skipping unneeded JARs during scanning can improve startup time and JSP compilation time.
08-Nov-2024 16:22:22.881 INFO [main] org.apache.catalina.startup.HostConfig.deployDescriptor Deployment of deployment descriptor [D:\FashionWebProject\conf\Catalina\localhost\FashionWebProject.xml] has finished in [2,370] ms
08-Nov-2024 16:22:22.885 INFO [main] org.apache.coyote.AbstractProtocol.start Starting ProtocolHandler ["http-nio-8080"]
08-Nov-2024 16:22:22.901 INFO [main] org.apache.catalina.startup.Catalina.start Server startup in [2495] milliseconds
08-Nov-2024 16:23:21.625 INFO [Thread-1] org.apache.coyote.AbstractProtocol.pause Pausing ProtocolHandler ["http-nio-8080"]
08-Nov-2024 16:23:21.636 INFO [Thread-1] org.apache.catalina.core.StandardService.stopInternal Stopping service [Catalina]
08-Nov-2024 16:23:21.652 WARNING [Thread-1] org.apache.catalina.loader.WebappClassLoaderBase.clearReferencesJdbc The web application [FashionWebProject] registered the JDBC driver [com.microsoft.sqlserver.jdbc.SQLServerDriver] but failed to unregister it when the web application was stopped. To prevent a memory leak, the JDBC Driver has been forcibly unregistered.
08-Nov-2024 16:23:21.676 INFO [Thread-1] org.apache.coyote.AbstractProtocol.stop Stopping ProtocolHandler ["http-nio-8080"]
08-Nov-2024 16:23:21.684 INFO [Thread-1] org.apache.coyote.AbstractProtocol.destroy Destroying ProtocolHandler ["http-nio-8080"]
08-Nov-2024 16:23:24.175 INFO [main] org.apache.catalina.startup.VersionLoggerListener.log Server version name:   Apache Tomcat/10.1.30
08-Nov-2024 16:23:24.182 INFO [main] org.apache.catalina.startup.VersionLoggerListener.log Server built:          Sep 13 2024 20:26:16 UTC
08-Nov-2024 16:23:24.182 INFO [main] org.apache.catalina.startup.VersionLoggerListener.log Server version number: 10.1.30.0
08-Nov-2024 16:23:24.182 INFO [main] org.apache.catalina.startup.VersionLoggerListener.log OS Name:               Windows 11
08-Nov-2024 16:23:24.182 INFO [main] org.apache.catalina.startup.VersionLoggerListener.log OS Version:            10.0
08-Nov-2024 16:23:24.182 INFO [main] org.apache.catalina.startup.VersionLoggerListener.log Architecture:          amd64
08-Nov-2024 16:23:24.184 INFO [main] org.apache.catalina.startup.VersionLoggerListener.log Java Home:             C:\Program Files\Java\jdk-21
08-Nov-2024 16:23:24.184 INFO [main] org.apache.catalina.startup.VersionLoggerListener.log JVM Version:           21.0.2+13-LTS-58
08-Nov-2024 16:23:24.184 INFO [main] org.apache.catalina.startup.VersionLoggerListener.log JVM Vendor:            Oracle Corporation
08-Nov-2024 16:23:24.184 INFO [main] org.apache.catalina.startup.VersionLoggerListener.log CATALINA_BASE:         D:\FashionWebProject
08-Nov-2024 16:23:24.184 INFO [main] org.apache.catalina.startup.VersionLoggerListener.log CATALINA_HOME:         C:\Users\NGUYEN THI LANG\Downloads\apache-tomcat-10.1.30-windows-x64\apache-tomcat-10.1.30
08-Nov-2024 16:23:24.194 INFO [main] org.apache.catalina.startup.VersionLoggerListener.log Command line argument: --add-opens=java.base/java.lang=ALL-UNNAMED
08-Nov-2024 16:23:24.194 INFO [main] org.apache.catalina.startup.VersionLoggerListener.log Command line argument: --add-opens=java.base/java.io=ALL-UNNAMED
08-Nov-2024 16:23:24.194 INFO [main] org.apache.catalina.startup.VersionLoggerListener.log Command line argument: --add-opens=java.base/java.util=ALL-UNNAMED
08-Nov-2024 16:23:24.194 INFO [main] org.apache.catalina.startup.VersionLoggerListener.log Command line argument: --add-opens=java.base/java.util.concurrent=ALL-UNNAMED
08-Nov-2024 16:23:24.194 INFO [main] org.apache.catalina.startup.VersionLoggerListener.log Command line argument: --add-opens=java.rmi/sun.rmi.transport=ALL-UNNAMED
08-Nov-2024 16:23:24.196 INFO [main] org.apache.catalina.startup.VersionLoggerListener.log Command line argument: -Dcatalina.home=C:\Users\NGUYEN THI LANG\Downloads\apache-tomcat-10.1.30-windows-x64\apache-tomcat-10.1.30
08-Nov-2024 16:23:24.196 INFO [main] org.apache.catalina.startup.VersionLoggerListener.log Command line argument: -Dcatalina.base=D:\FashionWebProject
08-Nov-2024 16:23:24.196 INFO [main] org.apache.catalina.startup.VersionLoggerListener.log Command line argument: -Djava.io.tmpdir=D:\FashionWebProject\temp
08-Nov-2024 16:23:24.196 INFO [main] org.apache.catalina.startup.VersionLoggerListener.log Command line argument: -Djava.util.logging.config.file=D:\FashionWebProject\conf\logging.properties
08-Nov-2024 16:23:24.196 INFO [main] org.apache.catalina.startup.VersionLoggerListener.log Command line argument: -Djava.util.logging.manager=org.apache.juli.ClassLoaderLogManager
08-Nov-2024 16:23:24.196 INFO [main] org.apache.catalina.startup.VersionLoggerListener.log Command line argument: -javaagent:C:\Program Files\JetBrains\IntelliJ IDEA Community Edition 2023.3.3\lib\idea_rt.jar=58674:C:\Program Files\JetBrains\IntelliJ IDEA Community Edition 2023.3.3\bin
08-Nov-2024 16:23:24.196 INFO [main] org.apache.catalina.startup.VersionLoggerListener.log Command line argument: -Dfile.encoding=UTF-8
08-Nov-2024 16:23:24.197 INFO [main] org.apache.catalina.startup.VersionLoggerListener.log Command line argument: -Dsun.stdout.encoding=UTF-8
08-Nov-2024 16:23:24.197 INFO [main] org.apache.catalina.startup.VersionLoggerListener.log Command line argument: -Dsun.stderr.encoding=UTF-8
08-Nov-2024 16:23:24.201 INFO [main] org.apache.catalina.core.AprLifecycleListener.lifecycleEvent Loaded Apache Tomcat Native library [2.0.8] using APR version [1.7.4].
08-Nov-2024 16:23:24.207 INFO [main] org.apache.catalina.core.AprLifecycleListener.initializeSSL OpenSSL successfully initialized [OpenSSL 3.0.14 4 Jun 2024]
08-Nov-2024 16:23:24.814 INFO [main] org.apache.coyote.AbstractProtocol.init Initializing ProtocolHandler ["http-nio-8080"]
08-Nov-2024 16:23:24.844 INFO [main] org.apache.catalina.startup.Catalina.load Server initialization in [986] milliseconds
08-Nov-2024 16:23:24.917 INFO [main] org.apache.catalina.core.StandardService.startInternal Starting service [Catalina]
08-Nov-2024 16:23:24.917 INFO [main] org.apache.catalina.core.StandardEngine.startInternal Starting Servlet engine: [Apache Tomcat/10.1.30]
08-Nov-2024 16:23:24.934 INFO [main] org.apache.catalina.startup.HostConfig.deployDescriptor Deploying deployment descriptor [D:\FashionWebProject\conf\Catalina\localhost\FashionWebProject.xml]
08-Nov-2024 16:23:27.060 INFO [main] org.apache.jasper.servlet.TldScanner.scanJars At least one JAR was scanned for TLDs yet contained no TLDs. Enable debug logging for this logger for a complete list of JARs that were scanned but no TLDs were found in them. Skipping unneeded JARs during scanning can improve startup time and JSP compilation time.
08-Nov-2024 16:23:27.707 INFO [main] org.apache.catalina.startup.HostConfig.deployDescriptor Deployment of deployment descriptor [D:\FashionWebProject\conf\Catalina\localhost\FashionWebProject.xml] has finished in [2,772] ms
08-Nov-2024 16:23:27.714 INFO [main] org.apache.coyote.AbstractProtocol.start Starting ProtocolHandler ["http-nio-8080"]
08-Nov-2024 16:23:27.734 INFO [main] org.apache.catalina.startup.Catalina.start Server startup in [2888] milliseconds
08-Nov-2024 16:33:12.507 INFO [Thread-1] org.apache.coyote.AbstractProtocol.pause Pausing ProtocolHandler ["http-nio-8080"]
08-Nov-2024 16:33:12.518 INFO [Thread-1] org.apache.catalina.core.StandardService.stopInternal Stopping service [Catalina]
08-Nov-2024 16:33:12.563 WARNING [Thread-1] org.apache.catalina.loader.WebappClassLoaderBase.clearReferencesJdbc The web application [FashionWebProject] registered the JDBC driver [com.microsoft.sqlserver.jdbc.SQLServerDriver] but failed to unregister it when the web application was stopped. To prevent a memory leak, the JDBC Driver has been forcibly unregistered.
08-Nov-2024 16:33:12.579 INFO [Thread-1] org.apache.coyote.AbstractProtocol.stop Stopping ProtocolHandler ["http-nio-8080"]
08-Nov-2024 16:33:12.598 INFO [Thread-1] org.apache.coyote.AbstractProtocol.destroy Destroying ProtocolHandler ["http-nio-8080"]
08-Nov-2024 16:33:17.771 INFO [main] org.apache.catalina.startup.VersionLoggerListener.log Server version name:   Apache Tomcat/10.1.30
08-Nov-2024 16:33:17.777 INFO [main] org.apache.catalina.startup.VersionLoggerListener.log Server built:          Sep 13 2024 20:26:16 UTC
08-Nov-2024 16:33:17.778 INFO [main] org.apache.catalina.startup.VersionLoggerListener.log Server version number: 10.1.30.0
08-Nov-2024 16:33:17.778 INFO [main] org.apache.catalina.startup.VersionLoggerListener.log OS Name:               Windows 11
08-Nov-2024 16:33:17.778 INFO [main] org.apache.catalina.startup.VersionLoggerListener.log OS Version:            10.0
08-Nov-2024 16:33:17.778 INFO [main] org.apache.catalina.startup.VersionLoggerListener.log Architecture:          amd64
08-Nov-2024 16:33:17.778 INFO [main] org.apache.catalina.startup.VersionLoggerListener.log Java Home:             C:\Program Files\Java\jdk-21
08-Nov-2024 16:33:17.779 INFO [main] org.apache.catalina.startup.VersionLoggerListener.log JVM Version:           21.0.2+13-LTS-58
08-Nov-2024 16:33:17.779 INFO [main] org.apache.catalina.startup.VersionLoggerListener.log JVM Vendor:            Oracle Corporation
08-Nov-2024 16:33:17.779 INFO [main] org.apache.catalina.startup.VersionLoggerListener.log CATALINA_BASE:         D:\FashionWebProject
08-Nov-2024 16:33:17.779 INFO [main] org.apache.catalina.startup.VersionLoggerListener.log CATALINA_HOME:         C:\Users\NGUYEN THI LANG\Downloads\apache-tomcat-10.1.30-windows-x64\apache-tomcat-10.1.30
08-Nov-2024 16:33:17.789 INFO [main] org.apache.catalina.startup.VersionLoggerListener.log Command line argument: --add-opens=java.base/java.lang=ALL-UNNAMED
08-Nov-2024 16:33:17.789 INFO [main] org.apache.catalina.startup.VersionLoggerListener.log Command line argument: --add-opens=java.base/java.io=ALL-UNNAMED
08-Nov-2024 16:33:17.790 INFO [main] org.apache.catalina.startup.VersionLoggerListener.log Command line argument: --add-opens=java.base/java.util=ALL-UNNAMED
08-Nov-2024 16:33:17.790 INFO [main] org.apache.catalina.startup.VersionLoggerListener.log Command line argument: --add-opens=java.base/java.util.concurrent=ALL-UNNAMED
08-Nov-2024 16:33:17.790 INFO [main] org.apache.catalina.startup.VersionLoggerListener.log Command line argument: --add-opens=java.rmi/sun.rmi.transport=ALL-UNNAMED
08-Nov-2024 16:33:17.790 INFO [main] org.apache.catalina.startup.VersionLoggerListener.log Command line argument: -Dcatalina.home=C:\Users\NGUYEN THI LANG\Downloads\apache-tomcat-10.1.30-windows-x64\apache-tomcat-10.1.30
08-Nov-2024 16:33:17.790 INFO [main] org.apache.catalina.startup.VersionLoggerListener.log Command line argument: -Dcatalina.base=D:\FashionWebProject
08-Nov-2024 16:33:17.790 INFO [main] org.apache.catalina.startup.VersionLoggerListener.log Command line argument: -Djava.io.tmpdir=D:\FashionWebProject\temp
08-Nov-2024 16:33:17.790 INFO [main] org.apache.catalina.startup.VersionLoggerListener.log Command line argument: -Djava.util.logging.config.file=D:\FashionWebProject\conf\logging.properties
08-Nov-2024 16:33:17.790 INFO [main] org.apache.catalina.startup.VersionLoggerListener.log Command line argument: -Djava.util.logging.manager=org.apache.juli.ClassLoaderLogManager
08-Nov-2024 16:33:17.790 INFO [main] org.apache.catalina.startup.VersionLoggerListener.log Command line argument: -javaagent:C:\Program Files\JetBrains\IntelliJ IDEA Community Edition 2023.3.3\lib\idea_rt.jar=59069:C:\Program Files\JetBrains\IntelliJ IDEA Community Edition 2023.3.3\bin
08-Nov-2024 16:33:17.790 INFO [main] org.apache.catalina.startup.VersionLoggerListener.log Command line argument: -Dfile.encoding=UTF-8
08-Nov-2024 16:33:17.790 INFO [main] org.apache.catalina.startup.VersionLoggerListener.log Command line argument: -Dsun.stdout.encoding=UTF-8
08-Nov-2024 16:33:17.791 INFO [main] org.apache.catalina.startup.VersionLoggerListener.log Command line argument: -Dsun.stderr.encoding=UTF-8
08-Nov-2024 16:33:17.796 INFO [main] org.apache.catalina.core.AprLifecycleListener.lifecycleEvent Loaded Apache Tomcat Native library [2.0.8] using APR version [1.7.4].
08-Nov-2024 16:33:17.812 INFO [main] org.apache.catalina.core.AprLifecycleListener.initializeSSL OpenSSL successfully initialized [OpenSSL 3.0.14 4 Jun 2024]
08-Nov-2024 16:33:18.447 INFO [main] org.apache.coyote.AbstractProtocol.init Initializing ProtocolHandler ["http-nio-8080"]
08-Nov-2024 16:33:18.475 INFO [main] org.apache.catalina.startup.Catalina.load Server initialization in [938] milliseconds
08-Nov-2024 16:33:18.527 INFO [main] org.apache.catalina.core.StandardService.startInternal Starting service [Catalina]
08-Nov-2024 16:33:18.527 INFO [main] org.apache.catalina.core.StandardEngine.startInternal Starting Servlet engine: [Apache Tomcat/10.1.30]
08-Nov-2024 16:33:18.535 INFO [main] org.apache.catalina.startup.HostConfig.deployDescriptor Deploying deployment descriptor [D:\FashionWebProject\conf\Catalina\localhost\FashionWebProject.xml]
08-Nov-2024 16:33:20.329 INFO [main] org.apache.jasper.servlet.TldScanner.scanJars At least one JAR was scanned for TLDs yet contained no TLDs. Enable debug logging for this logger for a complete list of JARs that were scanned but no TLDs were found in them. Skipping unneeded JARs during scanning can improve startup time and JSP compilation time.
08-Nov-2024 16:33:20.942 INFO [main] org.apache.catalina.startup.HostConfig.deployDescriptor Deployment of deployment descriptor [D:\FashionWebProject\conf\Catalina\localhost\FashionWebProject.xml] has finished in [2,406] ms
08-Nov-2024 16:33:20.947 INFO [main] org.apache.coyote.AbstractProtocol.start Starting ProtocolHandler ["http-nio-8080"]
08-Nov-2024 16:33:20.962 INFO [main] org.apache.catalina.startup.Catalina.start Server startup in [2485] milliseconds
08-Nov-2024 16:35:26.288 INFO [Thread-1] org.apache.coyote.AbstractProtocol.pause Pausing ProtocolHandler ["http-nio-8080"]
08-Nov-2024 16:35:26.293 INFO [Thread-1] org.apache.catalina.core.StandardService.stopInternal Stopping service [Catalina]
08-Nov-2024 16:35:26.316 WARNING [Thread-1] org.apache.catalina.loader.WebappClassLoaderBase.clearReferencesJdbc The web application [FashionWebProject] registered the JDBC driver [com.microsoft.sqlserver.jdbc.SQLServerDriver] but failed to unregister it when the web application was stopped. To prevent a memory leak, the JDBC Driver has been forcibly unregistered.
08-Nov-2024 16:35:26.334 INFO [Thread-1] org.apache.coyote.AbstractProtocol.stop Stopping ProtocolHandler ["http-nio-8080"]
08-Nov-2024 16:35:26.352 INFO [Thread-1] org.apache.coyote.AbstractProtocol.destroy Destroying ProtocolHandler ["http-nio-8080"]
08-Nov-2024 16:35:29.012 INFO [main] org.apache.catalina.startup.VersionLoggerListener.log Server version name:   Apache Tomcat/10.1.30
08-Nov-2024 16:35:29.017 INFO [main] org.apache.catalina.startup.VersionLoggerListener.log Server built:          Sep 13 2024 20:26:16 UTC
08-Nov-2024 16:35:29.018 INFO [main] org.apache.catalina.startup.VersionLoggerListener.log Server version number: 10.1.30.0
08-Nov-2024 16:35:29.018 INFO [main] org.apache.catalina.startup.VersionLoggerListener.log OS Name:               Windows 11
08-Nov-2024 16:35:29.018 INFO [main] org.apache.catalina.startup.VersionLoggerListener.log OS Version:            10.0
08-Nov-2024 16:35:29.019 INFO [main] org.apache.catalina.startup.VersionLoggerListener.log Architecture:          amd64
08-Nov-2024 16:35:29.019 INFO [main] org.apache.catalina.startup.VersionLoggerListener.log Java Home:             C:\Program Files\Java\jdk-21
08-Nov-2024 16:35:29.019 INFO [main] org.apache.catalina.startup.VersionLoggerListener.log JVM Version:           21.0.2+13-LTS-58
08-Nov-2024 16:35:29.019 INFO [main] org.apache.catalina.startup.VersionLoggerListener.log JVM Vendor:            Oracle Corporation
08-Nov-2024 16:35:29.019 INFO [main] org.apache.catalina.startup.VersionLoggerListener.log CATALINA_BASE:         D:\FashionWebProject
08-Nov-2024 16:35:29.019 INFO [main] org.apache.catalina.startup.VersionLoggerListener.log CATALINA_HOME:         C:\Users\NGUYEN THI LANG\Downloads\apache-tomcat-10.1.30-windows-x64\apache-tomcat-10.1.30
08-Nov-2024 16:35:29.030 INFO [main] org.apache.catalina.startup.VersionLoggerListener.log Command line argument: --add-opens=java.base/java.lang=ALL-UNNAMED
08-Nov-2024 16:35:29.030 INFO [main] org.apache.catalina.startup.VersionLoggerListener.log Command line argument: --add-opens=java.base/java.io=ALL-UNNAMED
08-Nov-2024 16:35:29.031 INFO [main] org.apache.catalina.startup.VersionLoggerListener.log Command line argument: --add-opens=java.base/java.util=ALL-UNNAMED
08-Nov-2024 16:35:29.031 INFO [main] org.apache.catalina.startup.VersionLoggerListener.log Command line argument: --add-opens=java.base/java.util.concurrent=ALL-UNNAMED
08-Nov-2024 16:35:29.031 INFO [main] org.apache.catalina.startup.VersionLoggerListener.log Command line argument: --add-opens=java.rmi/sun.rmi.transport=ALL-UNNAMED
08-Nov-2024 16:35:29.031 INFO [main] org.apache.catalina.startup.VersionLoggerListener.log Command line argument: -Dcatalina.home=C:\Users\NGUYEN THI LANG\Downloads\apache-tomcat-10.1.30-windows-x64\apache-tomcat-10.1.30
08-Nov-2024 16:35:29.031 INFO [main] org.apache.catalina.startup.VersionLoggerListener.log Command line argument: -Dcatalina.base=D:\FashionWebProject
08-Nov-2024 16:35:29.031 INFO [main] org.apache.catalina.startup.VersionLoggerListener.log Command line argument: -Djava.io.tmpdir=D:\FashionWebProject\temp
08-Nov-2024 16:35:29.031 INFO [main] org.apache.catalina.startup.VersionLoggerListener.log Command line argument: -Djava.util.logging.config.file=D:\FashionWebProject\conf\logging.properties
08-Nov-2024 16:35:29.031 INFO [main] org.apache.catalina.startup.VersionLoggerListener.log Command line argument: -Djava.util.logging.manager=org.apache.juli.ClassLoaderLogManager
08-Nov-2024 16:35:29.031 INFO [main] org.apache.catalina.startup.VersionLoggerListener.log Command line argument: -javaagent:C:\Program Files\JetBrains\IntelliJ IDEA Community Edition 2023.3.3\lib\idea_rt.jar=59169:C:\Program Files\JetBrains\IntelliJ IDEA Community Edition 2023.3.3\bin
08-Nov-2024 16:35:29.031 INFO [main] org.apache.catalina.startup.VersionLoggerListener.log Command line argument: -Dfile.encoding=UTF-8
08-Nov-2024 16:35:29.031 INFO [main] org.apache.catalina.startup.VersionLoggerListener.log Command line argument: -Dsun.stdout.encoding=UTF-8
08-Nov-2024 16:35:29.031 INFO [main] org.apache.catalina.startup.VersionLoggerListener.log Command line argument: -Dsun.stderr.encoding=UTF-8
08-Nov-2024 16:35:29.037 INFO [main] org.apache.catalina.core.AprLifecycleListener.lifecycleEvent Loaded Apache Tomcat Native library [2.0.8] using APR version [1.7.4].
08-Nov-2024 16:35:29.044 INFO [main] org.apache.catalina.core.AprLifecycleListener.initializeSSL OpenSSL successfully initialized [OpenSSL 3.0.14 4 Jun 2024]
08-Nov-2024 16:35:29.680 INFO [main] org.apache.coyote.AbstractProtocol.init Initializing ProtocolHandler ["http-nio-8080"]
08-Nov-2024 16:35:29.710 INFO [main] org.apache.catalina.startup.Catalina.load Server initialization in [974] milliseconds
08-Nov-2024 16:35:29.770 INFO [main] org.apache.catalina.core.StandardService.startInternal Starting service [Catalina]
08-Nov-2024 16:35:29.770 INFO [main] org.apache.catalina.core.StandardEngine.startInternal Starting Servlet engine: [Apache Tomcat/10.1.30]
08-Nov-2024 16:35:29.782 INFO [main] org.apache.catalina.startup.HostConfig.deployDescriptor Deploying deployment descriptor [D:\FashionWebProject\conf\Catalina\localhost\FashionWebProject.xml]
08-Nov-2024 16:35:31.682 INFO [main] org.apache.jasper.servlet.TldScanner.scanJars At least one JAR was scanned for TLDs yet contained no TLDs. Enable debug logging for this logger for a complete list of JARs that were scanned but no TLDs were found in them. Skipping unneeded JARs during scanning can improve startup time and JSP compilation time.
08-Nov-2024 16:35:32.249 INFO [main] org.apache.catalina.startup.HostConfig.deployDescriptor Deployment of deployment descriptor [D:\FashionWebProject\conf\Catalina\localhost\FashionWebProject.xml] has finished in [2,465] ms
08-Nov-2024 16:35:32.254 INFO [main] org.apache.coyote.AbstractProtocol.start Starting ProtocolHandler ["http-nio-8080"]
08-Nov-2024 16:35:32.270 INFO [main] org.apache.catalina.startup.Catalina.start Server startup in [2559] milliseconds
08-Nov-2024 16:45:04.343 INFO [Thread-1] org.apache.coyote.AbstractProtocol.pause Pausing ProtocolHandler ["http-nio-8080"]
08-Nov-2024 16:45:04.357 INFO [Thread-1] org.apache.catalina.core.StandardService.stopInternal Stopping service [Catalina]
08-Nov-2024 16:45:04.420 WARNING [Thread-1] org.apache.catalina.loader.WebappClassLoaderBase.clearReferencesJdbc The web application [FashionWebProject] registered the JDBC driver [com.microsoft.sqlserver.jdbc.SQLServerDriver] but failed to unregister it when the web application was stopped. To prevent a memory leak, the JDBC Driver has been forcibly unregistered.
08-Nov-2024 16:45:04.447 INFO [Thread-1] org.apache.coyote.AbstractProtocol.stop Stopping ProtocolHandler ["http-nio-8080"]
08-Nov-2024 16:45:04.457 INFO [Thread-1] org.apache.coyote.AbstractProtocol.destroy Destroying ProtocolHandler ["http-nio-8080"]
08-Nov-2024 16:45:09.761 INFO [main] org.apache.catalina.startup.VersionLoggerListener.log Server version name:   Apache Tomcat/10.1.30
08-Nov-2024 16:45:09.767 INFO [main] org.apache.catalina.startup.VersionLoggerListener.log Server built:          Sep 13 2024 20:26:16 UTC
08-Nov-2024 16:45:09.767 INFO [main] org.apache.catalina.startup.VersionLoggerListener.log Server version number: 10.1.30.0
08-Nov-2024 16:45:09.767 INFO [main] org.apache.catalina.startup.VersionLoggerListener.log OS Name:               Windows 11
08-Nov-2024 16:45:09.768 INFO [main] org.apache.catalina.startup.VersionLoggerListener.log OS Version:            10.0
08-Nov-2024 16:45:09.768 INFO [main] org.apache.catalina.startup.VersionLoggerListener.log Architecture:          amd64
08-Nov-2024 16:45:09.768 INFO [main] org.apache.catalina.startup.VersionLoggerListener.log Java Home:             C:\Program Files\Java\jdk-21
08-Nov-2024 16:45:09.768 INFO [main] org.apache.catalina.startup.VersionLoggerListener.log JVM Version:           21.0.2+13-LTS-58
08-Nov-2024 16:45:09.768 INFO [main] org.apache.catalina.startup.VersionLoggerListener.log JVM Vendor:            Oracle Corporation
08-Nov-2024 16:45:09.768 INFO [main] org.apache.catalina.startup.VersionLoggerListener.log CATALINA_BASE:         D:\FashionWebProject
08-Nov-2024 16:45:09.768 INFO [main] org.apache.catalina.startup.VersionLoggerListener.log CATALINA_HOME:         C:\Users\NGUYEN THI LANG\Downloads\apache-tomcat-10.1.30-windows-x64\apache-tomcat-10.1.30
08-Nov-2024 16:45:09.782 INFO [main] org.apache.catalina.startup.VersionLoggerListener.log Command line argument: --add-opens=java.base/java.lang=ALL-UNNAMED
08-Nov-2024 16:45:09.782 INFO [main] org.apache.catalina.startup.VersionLoggerListener.log Command line argument: --add-opens=java.base/java.io=ALL-UNNAMED
08-Nov-2024 16:45:09.782 INFO [main] org.apache.catalina.startup.VersionLoggerListener.log Command line argument: --add-opens=java.base/java.util=ALL-UNNAMED
08-Nov-2024 16:45:09.782 INFO [main] org.apache.catalina.startup.VersionLoggerListener.log Command line argument: --add-opens=java.base/java.util.concurrent=ALL-UNNAMED
08-Nov-2024 16:45:09.782 INFO [main] org.apache.catalina.startup.VersionLoggerListener.log Command line argument: --add-opens=java.rmi/sun.rmi.transport=ALL-UNNAMED
08-Nov-2024 16:45:09.782 INFO [main] org.apache.catalina.startup.VersionLoggerListener.log Command line argument: -Dcatalina.home=C:\Users\NGUYEN THI LANG\Downloads\apache-tomcat-10.1.30-windows-x64\apache-tomcat-10.1.30
08-Nov-2024 16:45:09.782 INFO [main] org.apache.catalina.startup.VersionLoggerListener.log Command line argument: -Dcatalina.base=D:\FashionWebProject
08-Nov-2024 16:45:09.782 INFO [main] org.apache.catalina.startup.VersionLoggerListener.log Command line argument: -Djava.io.tmpdir=D:\FashionWebProject\temp
08-Nov-2024 16:45:09.783 INFO [main] org.apache.catalina.startup.VersionLoggerListener.log Command line argument: -Djava.util.logging.config.file=D:\FashionWebProject\conf\logging.properties
08-Nov-2024 16:45:09.783 INFO [main] org.apache.catalina.startup.VersionLoggerListener.log Command line argument: -Djava.util.logging.manager=org.apache.juli.ClassLoaderLogManager
08-Nov-2024 16:45:09.783 INFO [main] org.apache.catalina.startup.VersionLoggerListener.log Command line argument: -javaagent:C:\Program Files\JetBrains\IntelliJ IDEA Community Edition 2023.3.3\lib\idea_rt.jar=59617:C:\Program Files\JetBrains\IntelliJ IDEA Community Edition 2023.3.3\bin
08-Nov-2024 16:45:09.783 INFO [main] org.apache.catalina.startup.VersionLoggerListener.log Command line argument: -Dfile.encoding=UTF-8
08-Nov-2024 16:45:09.783 INFO [main] org.apache.catalina.startup.VersionLoggerListener.log Command line argument: -Dsun.stdout.encoding=UTF-8
08-Nov-2024 16:45:09.783 INFO [main] org.apache.catalina.startup.VersionLoggerListener.log Command line argument: -Dsun.stderr.encoding=UTF-8
08-Nov-2024 16:45:09.788 INFO [main] org.apache.catalina.core.AprLifecycleListener.lifecycleEvent Loaded Apache Tomcat Native library [2.0.8] using APR version [1.7.4].
08-Nov-2024 16:45:09.802 INFO [main] org.apache.catalina.core.AprLifecycleListener.initializeSSL OpenSSL successfully initialized [OpenSSL 3.0.14 4 Jun 2024]
08-Nov-2024 16:45:10.459 INFO [main] org.apache.coyote.AbstractProtocol.init Initializing ProtocolHandler ["http-nio-8080"]
08-Nov-2024 16:45:10.483 INFO [main] org.apache.catalina.startup.Catalina.load Server initialization in [1036] milliseconds
08-Nov-2024 16:45:10.549 INFO [main] org.apache.catalina.core.StandardService.startInternal Starting service [Catalina]
08-Nov-2024 16:45:10.550 INFO [main] org.apache.catalina.core.StandardEngine.startInternal Starting Servlet engine: [Apache Tomcat/10.1.30]
08-Nov-2024 16:45:10.565 INFO [main] org.apache.catalina.startup.HostConfig.deployDescriptor Deploying deployment descriptor [D:\FashionWebProject\conf\Catalina\localhost\FashionWebProject.xml]
08-Nov-2024 16:45:12.663 INFO [main] org.apache.jasper.servlet.TldScanner.scanJars At least one JAR was scanned for TLDs yet contained no TLDs. Enable debug logging for this logger for a complete list of JARs that were scanned but no TLDs were found in them. Skipping unneeded JARs during scanning can improve startup time and JSP compilation time.
08-Nov-2024 16:45:13.360 INFO [main] org.apache.catalina.startup.HostConfig.deployDescriptor Deployment of deployment descriptor [D:\FashionWebProject\conf\Catalina\localhost\FashionWebProject.xml] has finished in [2,793] ms
08-Nov-2024 16:45:13.364 INFO [main] org.apache.coyote.AbstractProtocol.start Starting ProtocolHandler ["http-nio-8080"]
08-Nov-2024 16:45:13.383 INFO [main] org.apache.catalina.startup.Catalina.start Server startup in [2897] milliseconds
08-Nov-2024 16:46:34.959 INFO [Thread-1] org.apache.coyote.AbstractProtocol.pause Pausing ProtocolHandler ["http-nio-8080"]
08-Nov-2024 16:46:34.964 INFO [Thread-1] org.apache.catalina.core.StandardService.stopInternal Stopping service [Catalina]
08-Nov-2024 16:46:34.973 WARNING [Thread-1] org.apache.catalina.loader.WebappClassLoaderBase.clearReferencesJdbc The web application [FashionWebProject] registered the JDBC driver [com.microsoft.sqlserver.jdbc.SQLServerDriver] but failed to unregister it when the web application was stopped. To prevent a memory leak, the JDBC Driver has been forcibly unregistered.
08-Nov-2024 16:46:34.977 INFO [Thread-1] org.apache.coyote.AbstractProtocol.stop Stopping ProtocolHandler ["http-nio-8080"]
08-Nov-2024 16:46:35.003 INFO [Thread-1] org.apache.coyote.AbstractProtocol.destroy Destroying ProtocolHandler ["http-nio-8080"]
08-Nov-2024 16:46:37.246 INFO [main] org.apache.catalina.startup.VersionLoggerListener.log Server version name:   Apache Tomcat/10.1.30
08-Nov-2024 16:46:37.250 INFO [main] org.apache.catalina.startup.VersionLoggerListener.log Server built:          Sep 13 2024 20:26:16 UTC
08-Nov-2024 16:46:37.250 INFO [main] org.apache.catalina.startup.VersionLoggerListener.log Server version number: 10.1.30.0
08-Nov-2024 16:46:37.250 INFO [main] org.apache.catalina.startup.VersionLoggerListener.log OS Name:               Windows 11
08-Nov-2024 16:46:37.250 INFO [main] org.apache.catalina.startup.VersionLoggerListener.log OS Version:            10.0
08-Nov-2024 16:46:37.250 INFO [main] org.apache.catalina.startup.VersionLoggerListener.log Architecture:          amd64
08-Nov-2024 16:46:37.250 INFO [main] org.apache.catalina.startup.VersionLoggerListener.log Java Home:             C:\Program Files\Java\jdk-21
08-Nov-2024 16:46:37.250 INFO [main] org.apache.catalina.startup.VersionLoggerListener.log JVM Version:           21.0.2+13-LTS-58
08-Nov-2024 16:46:37.253 INFO [main] org.apache.catalina.startup.VersionLoggerListener.log JVM Vendor:            Oracle Corporation
08-Nov-2024 16:46:37.254 INFO [main] org.apache.catalina.startup.VersionLoggerListener.log CATALINA_BASE:         D:\FashionWebProject
08-Nov-2024 16:46:37.254 INFO [main] org.apache.catalina.startup.VersionLoggerListener.log CATALINA_HOME:         C:\Users\NGUYEN THI LANG\Downloads\apache-tomcat-10.1.30-windows-x64\apache-tomcat-10.1.30
08-Nov-2024 16:46:37.264 INFO [main] org.apache.catalina.startup.VersionLoggerListener.log Command line argument: --add-opens=java.base/java.lang=ALL-UNNAMED
08-Nov-2024 16:46:37.265 INFO [main] org.apache.catalina.startup.VersionLoggerListener.log Command line argument: --add-opens=java.base/java.io=ALL-UNNAMED
08-Nov-2024 16:46:37.265 INFO [main] org.apache.catalina.startup.VersionLoggerListener.log Command line argument: --add-opens=java.base/java.util=ALL-UNNAMED
08-Nov-2024 16:46:37.265 INFO [main] org.apache.catalina.startup.VersionLoggerListener.log Command line argument: --add-opens=java.base/java.util.concurrent=ALL-UNNAMED
08-Nov-2024 16:46:37.265 INFO [main] org.apache.catalina.startup.VersionLoggerListener.log Command line argument: --add-opens=java.rmi/sun.rmi.transport=ALL-UNNAMED
08-Nov-2024 16:46:37.265 INFO [main] org.apache.catalina.startup.VersionLoggerListener.log Command line argument: -Dcatalina.home=C:\Users\NGUYEN THI LANG\Downloads\apache-tomcat-10.1.30-windows-x64\apache-tomcat-10.1.30
08-Nov-2024 16:46:37.265 INFO [main] org.apache.catalina.startup.VersionLoggerListener.log Command line argument: -Dcatalina.base=D:\FashionWebProject
08-Nov-2024 16:46:37.265 INFO [main] org.apache.catalina.startup.VersionLoggerListener.log Command line argument: -Djava.io.tmpdir=D:\FashionWebProject\temp
08-Nov-2024 16:46:37.265 INFO [main] org.apache.catalina.startup.VersionLoggerListener.log Command line argument: -Djava.util.logging.config.file=D:\FashionWebProject\conf\logging.properties
08-Nov-2024 16:46:37.265 INFO [main] org.apache.catalina.startup.VersionLoggerListener.log Command line argument: -Djava.util.logging.manager=org.apache.juli.ClassLoaderLogManager
08-Nov-2024 16:46:37.265 INFO [main] org.apache.catalina.startup.VersionLoggerListener.log Command line argument: -javaagent:C:\Program Files\JetBrains\IntelliJ IDEA Community Edition 2023.3.3\lib\idea_rt.jar=59685:C:\Program Files\JetBrains\IntelliJ IDEA Community Edition 2023.3.3\bin
08-Nov-2024 16:46:37.265 INFO [main] org.apache.catalina.startup.VersionLoggerListener.log Command line argument: -Dfile.encoding=UTF-8
08-Nov-2024 16:46:37.265 INFO [main] org.apache.catalina.startup.VersionLoggerListener.log Command line argument: -Dsun.stdout.encoding=UTF-8
08-Nov-2024 16:46:37.265 INFO [main] org.apache.catalina.startup.VersionLoggerListener.log Command line argument: -Dsun.stderr.encoding=UTF-8
08-Nov-2024 16:46:37.270 INFO [main] org.apache.catalina.core.AprLifecycleListener.lifecycleEvent Loaded Apache Tomcat Native library [2.0.8] using APR version [1.7.4].
08-Nov-2024 16:46:37.275 INFO [main] org.apache.catalina.core.AprLifecycleListener.initializeSSL OpenSSL successfully initialized [OpenSSL 3.0.14 4 Jun 2024]
08-Nov-2024 16:46:38.046 INFO [main] org.apache.coyote.AbstractProtocol.init Initializing ProtocolHandler ["http-nio-8080"]
08-Nov-2024 16:46:38.072 INFO [main] org.apache.catalina.startup.Catalina.load Server initialization in [1142] milliseconds
08-Nov-2024 16:46:38.127 INFO [main] org.apache.catalina.core.StandardService.startInternal Starting service [Catalina]
08-Nov-2024 16:46:38.127 INFO [main] org.apache.catalina.core.StandardEngine.startInternal Starting Servlet engine: [Apache Tomcat/10.1.30]
08-Nov-2024 16:46:38.148 INFO [main] org.apache.catalina.startup.HostConfig.deployDescriptor Deploying deployment descriptor [D:\FashionWebProject\conf\Catalina\localhost\FashionWebProject.xml]
08-Nov-2024 16:46:40.622 INFO [main] org.apache.jasper.servlet.TldScanner.scanJars At least one JAR was scanned for TLDs yet contained no TLDs. Enable debug logging for this logger for a complete list of JARs that were scanned but no TLDs were found in them. Skipping unneeded JARs during scanning can improve startup time and JSP compilation time.
08-Nov-2024 16:46:41.232 INFO [main] org.apache.catalina.startup.HostConfig.deployDescriptor Deployment of deployment descriptor [D:\FashionWebProject\conf\Catalina\localhost\FashionWebProject.xml] has finished in [3,084] ms
08-Nov-2024 16:46:41.237 INFO [main] org.apache.coyote.AbstractProtocol.start Starting ProtocolHandler ["http-nio-8080"]
08-Nov-2024 16:46:41.261 INFO [main] org.apache.catalina.startup.Catalina.start Server startup in [3188] milliseconds
08-Nov-2024 16:57:18.145 INFO [Thread-1] org.apache.coyote.AbstractProtocol.pause Pausing ProtocolHandler ["http-nio-8080"]
08-Nov-2024 16:57:18.161 INFO [Thread-1] org.apache.catalina.core.StandardService.stopInternal Stopping service [Catalina]
08-Nov-2024 16:57:18.228 WARNING [Thread-1] org.apache.catalina.loader.WebappClassLoaderBase.clearReferencesJdbc The web application [FashionWebProject] registered the JDBC driver [com.microsoft.sqlserver.jdbc.SQLServerDriver] but failed to unregister it when the web application was stopped. To prevent a memory leak, the JDBC Driver has been forcibly unregistered.
08-Nov-2024 16:57:18.257 INFO [Thread-1] org.apache.coyote.AbstractProtocol.stop Stopping ProtocolHandler ["http-nio-8080"]
08-Nov-2024 16:57:18.269 INFO [Thread-1] org.apache.coyote.AbstractProtocol.destroy Destroying ProtocolHandler ["http-nio-8080"]
08-Nov-2024 16:57:23.534 INFO [main] org.apache.catalina.startup.VersionLoggerListener.log Server version name:   Apache Tomcat/10.1.30
08-Nov-2024 16:57:23.541 INFO [main] org.apache.catalina.startup.VersionLoggerListener.log Server built:          Sep 13 2024 20:26:16 UTC
08-Nov-2024 16:57:23.541 INFO [main] org.apache.catalina.startup.VersionLoggerListener.log Server version number: 10.1.30.0
08-Nov-2024 16:57:23.541 INFO [main] org.apache.catalina.startup.VersionLoggerListener.log OS Name:               Windows 11
08-Nov-2024 16:57:23.541 INFO [main] org.apache.catalina.startup.VersionLoggerListener.log OS Version:            10.0
08-Nov-2024 16:57:23.541 INFO [main] org.apache.catalina.startup.VersionLoggerListener.log Architecture:          amd64
08-Nov-2024 16:57:23.541 INFO [main] org.apache.catalina.startup.VersionLoggerListener.log Java Home:             C:\Program Files\Java\jdk-21
08-Nov-2024 16:57:23.541 INFO [main] org.apache.catalina.startup.VersionLoggerListener.log JVM Version:           21.0.2+13-LTS-58
08-Nov-2024 16:57:23.541 INFO [main] org.apache.catalina.startup.VersionLoggerListener.log JVM Vendor:            Oracle Corporation
08-Nov-2024 16:57:23.542 INFO [main] org.apache.catalina.startup.VersionLoggerListener.log CATALINA_BASE:         D:\FashionWebProject
08-Nov-2024 16:57:23.542 INFO [main] org.apache.catalina.startup.VersionLoggerListener.log CATALINA_HOME:         C:\Users\NGUYEN THI LANG\Downloads\apache-tomcat-10.1.30-windows-x64\apache-tomcat-10.1.30
08-Nov-2024 16:57:23.554 INFO [main] org.apache.catalina.startup.VersionLoggerListener.log Command line argument: --add-opens=java.base/java.lang=ALL-UNNAMED
08-Nov-2024 16:57:23.554 INFO [main] org.apache.catalina.startup.VersionLoggerListener.log Command line argument: --add-opens=java.base/java.io=ALL-UNNAMED
08-Nov-2024 16:57:23.554 INFO [main] org.apache.catalina.startup.VersionLoggerListener.log Command line argument: --add-opens=java.base/java.util=ALL-UNNAMED
08-Nov-2024 16:57:23.554 INFO [main] org.apache.catalina.startup.VersionLoggerListener.log Command line argument: --add-opens=java.base/java.util.concurrent=ALL-UNNAMED
08-Nov-2024 16:57:23.554 INFO [main] org.apache.catalina.startup.VersionLoggerListener.log Command line argument: --add-opens=java.rmi/sun.rmi.transport=ALL-UNNAMED
08-Nov-2024 16:57:23.554 INFO [main] org.apache.catalina.startup.VersionLoggerListener.log Command line argument: -Dcatalina.home=C:\Users\NGUYEN THI LANG\Downloads\apache-tomcat-10.1.30-windows-x64\apache-tomcat-10.1.30
08-Nov-2024 16:57:23.555 INFO [main] org.apache.catalina.startup.VersionLoggerListener.log Command line argument: -Dcatalina.base=D:\FashionWebProject
08-Nov-2024 16:57:23.555 INFO [main] org.apache.catalina.startup.VersionLoggerListener.log Command line argument: -Djava.io.tmpdir=D:\FashionWebProject\temp
08-Nov-2024 16:57:23.555 INFO [main] org.apache.catalina.startup.VersionLoggerListener.log Command line argument: -Djava.util.logging.config.file=D:\FashionWebProject\conf\logging.properties
08-Nov-2024 16:57:23.555 INFO [main] org.apache.catalina.startup.VersionLoggerListener.log Command line argument: -Djava.util.logging.manager=org.apache.juli.ClassLoaderLogManager
08-Nov-2024 16:57:23.555 INFO [main] org.apache.catalina.startup.VersionLoggerListener.log Command line argument: -javaagent:C:\Program Files\JetBrains\IntelliJ IDEA Community Edition 2023.3.3\lib\idea_rt.jar=60115:C:\Program Files\JetBrains\IntelliJ IDEA Community Edition 2023.3.3\bin
08-Nov-2024 16:57:23.555 INFO [main] org.apache.catalina.startup.VersionLoggerListener.log Command line argument: -Dfile.encoding=UTF-8
08-Nov-2024 16:57:23.555 INFO [main] org.apache.catalina.startup.VersionLoggerListener.log Command line argument: -Dsun.stdout.encoding=UTF-8
08-Nov-2024 16:57:23.555 INFO [main] org.apache.catalina.startup.VersionLoggerListener.log Command line argument: -Dsun.stderr.encoding=UTF-8
08-Nov-2024 16:57:23.570 INFO [main] org.apache.catalina.core.AprLifecycleListener.lifecycleEvent Loaded Apache Tomcat Native library [2.0.8] using APR version [1.7.4].
08-Nov-2024 16:57:23.594 INFO [main] org.apache.catalina.core.AprLifecycleListener.initializeSSL OpenSSL successfully initialized [OpenSSL 3.0.14 4 Jun 2024]
08-Nov-2024 16:57:24.985 INFO [main] org.apache.coyote.AbstractProtocol.init Initializing ProtocolHandler ["http-nio-8080"]
08-Nov-2024 16:57:25.011 INFO [main] org.apache.catalina.startup.Catalina.load Server initialization in [1752] milliseconds
08-Nov-2024 16:57:25.077 INFO [main] org.apache.catalina.core.StandardService.startInternal Starting service [Catalina]
08-Nov-2024 16:57:25.078 INFO [main] org.apache.catalina.core.StandardEngine.startInternal Starting Servlet engine: [Apache Tomcat/10.1.30]
08-Nov-2024 16:57:25.088 INFO [main] org.apache.catalina.startup.HostConfig.deployDescriptor Deploying deployment descriptor [D:\FashionWebProject\conf\Catalina\localhost\FashionWebProject.xml]
08-Nov-2024 16:57:27.520 INFO [main] org.apache.jasper.servlet.TldScanner.scanJars At least one JAR was scanned for TLDs yet contained no TLDs. Enable debug logging for this logger for a complete list of JARs that were scanned but no TLDs were found in them. Skipping unneeded JARs during scanning can improve startup time and JSP compilation time.
08-Nov-2024 16:57:28.239 INFO [main] org.apache.catalina.startup.HostConfig.deployDescriptor Deployment of deployment descriptor [D:\FashionWebProject\conf\Catalina\localhost\FashionWebProject.xml] has finished in [3,148] ms
08-Nov-2024 16:57:28.243 INFO [main] org.apache.coyote.AbstractProtocol.start Starting ProtocolHandler ["http-nio-8080"]
08-Nov-2024 16:57:28.261 INFO [main] org.apache.catalina.startup.Catalina.start Server startup in [3248] milliseconds
08-Nov-2024 17:00:51.960 INFO [Thread-1] org.apache.coyote.AbstractProtocol.pause Pausing ProtocolHandler ["http-nio-8080"]
08-Nov-2024 17:00:51.965 INFO [Thread-1] org.apache.catalina.core.StandardService.stopInternal Stopping service [Catalina]
08-Nov-2024 17:00:52.006 WARNING [Thread-1] org.apache.catalina.loader.WebappClassLoaderBase.clearReferencesJdbc The web application [FashionWebProject] registered the JDBC driver [com.microsoft.sqlserver.jdbc.SQLServerDriver] but failed to unregister it when the web application was stopped. To prevent a memory leak, the JDBC Driver has been forcibly unregistered.
08-Nov-2024 17:00:52.014 INFO [Thread-1] org.apache.coyote.AbstractProtocol.stop Stopping ProtocolHandler ["http-nio-8080"]
08-Nov-2024 17:00:52.032 INFO [Thread-1] org.apache.coyote.AbstractProtocol.destroy Destroying ProtocolHandler ["http-nio-8080"]
08-Nov-2024 17:00:57.131 INFO [main] org.apache.catalina.startup.VersionLoggerListener.log Server version name:   Apache Tomcat/10.1.30
08-Nov-2024 17:00:57.138 INFO [main] org.apache.catalina.startup.VersionLoggerListener.log Server built:          Sep 13 2024 20:26:16 UTC
08-Nov-2024 17:00:57.138 INFO [main] org.apache.catalina.startup.VersionLoggerListener.log Server version number: 10.1.30.0
08-Nov-2024 17:00:57.138 INFO [main] org.apache.catalina.startup.VersionLoggerListener.log OS Name:               Windows 11
08-Nov-2024 17:00:57.138 INFO [main] org.apache.catalina.startup.VersionLoggerListener.log OS Version:            10.0
08-Nov-2024 17:00:57.138 INFO [main] org.apache.catalina.startup.VersionLoggerListener.log Architecture:          amd64
08-Nov-2024 17:00:57.138 INFO [main] org.apache.catalina.startup.VersionLoggerListener.log Java Home:             C:\Program Files\Java\jdk-21
08-Nov-2024 17:00:57.140 INFO [main] org.apache.catalina.startup.VersionLoggerListener.log JVM Version:           21.0.2+13-LTS-58
08-Nov-2024 17:00:57.140 INFO [main] org.apache.catalina.startup.VersionLoggerListener.log JVM Vendor:            Oracle Corporation
08-Nov-2024 17:00:57.140 INFO [main] org.apache.catalina.startup.VersionLoggerListener.log CATALINA_BASE:         D:\FashionWebProject
08-Nov-2024 17:00:57.140 INFO [main] org.apache.catalina.startup.VersionLoggerListener.log CATALINA_HOME:         C:\Users\NGUYEN THI LANG\Downloads\apache-tomcat-10.1.30-windows-x64\apache-tomcat-10.1.30
08-Nov-2024 17:00:57.149 INFO [main] org.apache.catalina.startup.VersionLoggerListener.log Command line argument: --add-opens=java.base/java.lang=ALL-UNNAMED
08-Nov-2024 17:00:57.149 INFO [main] org.apache.catalina.startup.VersionLoggerListener.log Command line argument: --add-opens=java.base/java.io=ALL-UNNAMED
08-Nov-2024 17:00:57.149 INFO [main] org.apache.catalina.startup.VersionLoggerListener.log Command line argument: --add-opens=java.base/java.util=ALL-UNNAMED
08-Nov-2024 17:00:57.149 INFO [main] org.apache.catalina.startup.VersionLoggerListener.log Command line argument: --add-opens=java.base/java.util.concurrent=ALL-UNNAMED
08-Nov-2024 17:00:57.149 INFO [main] org.apache.catalina.startup.VersionLoggerListener.log Command line argument: --add-opens=java.rmi/sun.rmi.transport=ALL-UNNAMED
08-Nov-2024 17:00:57.149 INFO [main] org.apache.catalina.startup.VersionLoggerListener.log Command line argument: -Dcatalina.home=C:\Users\NGUYEN THI LANG\Downloads\apache-tomcat-10.1.30-windows-x64\apache-tomcat-10.1.30
08-Nov-2024 17:00:57.149 INFO [main] org.apache.catalina.startup.VersionLoggerListener.log Command line argument: -Dcatalina.base=D:\FashionWebProject
08-Nov-2024 17:00:57.149 INFO [main] org.apache.catalina.startup.VersionLoggerListener.log Command line argument: -Djava.io.tmpdir=D:\FashionWebProject\temp
08-Nov-2024 17:00:57.149 INFO [main] org.apache.catalina.startup.VersionLoggerListener.log Command line argument: -Djava.util.logging.config.file=D:\FashionWebProject\conf\logging.properties
08-Nov-2024 17:00:57.149 INFO [main] org.apache.catalina.startup.VersionLoggerListener.log Command line argument: -Djava.util.logging.manager=org.apache.juli.ClassLoaderLogManager
08-Nov-2024 17:00:57.149 INFO [main] org.apache.catalina.startup.VersionLoggerListener.log Command line argument: -javaagent:C:\Program Files\JetBrains\IntelliJ IDEA Community Edition 2023.3.3\lib\idea_rt.jar=60276:C:\Program Files\JetBrains\IntelliJ IDEA Community Edition 2023.3.3\bin
08-Nov-2024 17:00:57.149 INFO [main] org.apache.catalina.startup.VersionLoggerListener.log Command line argument: -Dfile.encoding=UTF-8
08-Nov-2024 17:00:57.149 INFO [main] org.apache.catalina.startup.VersionLoggerListener.log Command line argument: -Dsun.stdout.encoding=UTF-8
08-Nov-2024 17:00:57.149 INFO [main] org.apache.catalina.startup.VersionLoggerListener.log Command line argument: -Dsun.stderr.encoding=UTF-8
08-Nov-2024 17:00:57.153 INFO [main] org.apache.catalina.core.AprLifecycleListener.lifecycleEvent Loaded Apache Tomcat Native library [2.0.8] using APR version [1.7.4].
08-Nov-2024 17:00:57.158 INFO [main] org.apache.catalina.core.AprLifecycleListener.initializeSSL OpenSSL successfully initialized [OpenSSL 3.0.14 4 Jun 2024]
08-Nov-2024 17:00:57.720 INFO [main] org.apache.coyote.AbstractProtocol.init Initializing ProtocolHandler ["http-nio-8080"]
08-Nov-2024 17:00:57.745 INFO [main] org.apache.catalina.startup.Catalina.load Server initialization in [875] milliseconds
08-Nov-2024 17:00:57.799 INFO [main] org.apache.catalina.core.StandardService.startInternal Starting service [Catalina]
08-Nov-2024 17:00:57.799 INFO [main] org.apache.catalina.core.StandardEngine.startInternal Starting Servlet engine: [Apache Tomcat/10.1.30]
08-Nov-2024 17:00:57.809 INFO [main] org.apache.catalina.startup.HostConfig.deployDescriptor Deploying deployment descriptor [D:\FashionWebProject\conf\Catalina\localhost\FashionWebProject.xml]
08-Nov-2024 17:00:59.539 INFO [main] org.apache.jasper.servlet.TldScanner.scanJars At least one JAR was scanned for TLDs yet contained no TLDs. Enable debug logging for this logger for a complete list of JARs that were scanned but no TLDs were found in them. Skipping unneeded JARs during scanning can improve startup time and JSP compilation time.
08-Nov-2024 17:01:00.123 INFO [main] org.apache.catalina.startup.HostConfig.deployDescriptor Deployment of deployment descriptor [D:\FashionWebProject\conf\Catalina\localhost\FashionWebProject.xml] has finished in [2,313] ms
08-Nov-2024 17:01:00.128 INFO [main] org.apache.coyote.AbstractProtocol.start Starting ProtocolHandler ["http-nio-8080"]
08-Nov-2024 17:01:00.143 INFO [main] org.apache.catalina.startup.Catalina.start Server startup in [2396] milliseconds
08-Nov-2024 17:39:47.635 INFO [Thread-1] org.apache.coyote.AbstractProtocol.pause Pausing ProtocolHandler ["http-nio-8080"]
08-Nov-2024 17:39:47.658 INFO [Thread-1] org.apache.catalina.core.StandardService.stopInternal Stopping service [Catalina]
08-Nov-2024 17:39:47.755 WARNING [Thread-1] org.apache.catalina.loader.WebappClassLoaderBase.clearReferencesJdbc The web application [FashionWebProject] registered the JDBC driver [com.microsoft.sqlserver.jdbc.SQLServerDriver] but failed to unregister it when the web application was stopped. To prevent a memory leak, the JDBC Driver has been forcibly unregistered.
08-Nov-2024 17:39:47.814 INFO [Thread-1] org.apache.coyote.AbstractProtocol.stop Stopping ProtocolHandler ["http-nio-8080"]
08-Nov-2024 17:39:47.838 INFO [Thread-1] org.apache.coyote.AbstractProtocol.destroy Destroying ProtocolHandler ["http-nio-8080"]
